{"meta": {"format": 3, "version": "7.13.4", "timestamp": "2026-03-04T17:06:11.581500", "branch_coverage": false, "show_contexts": false}, "files": {"agent_memory_client.py": {"executed_lines": [1, 3, 4, 5, 6, 7, 8, 10, 13, 14, 15, 16, 17, 20, 21, 22, 23, 24, 25, 26, 29, 30, 31, 32, 33, 34, 35, 38, 39, 40, 41, 42, 43, 44, 45, 46, 47, 48, 49, 51, 54, 61, 62, 65, 66, 67, 68, 70, 71, 72, 73, 80, 81, 82, 83, 86, 89, 108, 109, 124, 125, 128, 140, 148, 149, 152, 162, 168, 169, 172, 186, 196, 197, 200, 206, 207, 210, 219, 220, 221, 222, 225, 234, 236, 237, 238, 239, 240, 241, 242, 243, 244, 245, 246, 247, 248, 249, 250, 259], "summary": {"covered_lines": 99, "num_statements": 110, "percent_covered": 90.0, "percent_covered_display": "90", "missing_lines": 11, "excluded_lines": 0, "percent_statements_covered": 90.0, "percent_statements_covered_display": "90"}, "missing_lines": [50, 63, 74, 75, 76, 77, 78, 79, 84, 85, 235], "excluded_lines": [], "functions": {"_join_url": {"executed_lines": [21, 22, 23, 24, 25, 26], "summary": {"covered_lines": 6, "num_statements": 6, "percent_covered": 100.0, "percent_covered_display": "100", "missing_lines": 0, "excluded_lines": 0, "percent_statements_covered": 100.0, "percent_statements_covered_display": "100"}, "missing_lines": [], "excluded_lines": [], "start_line": 20}, "_read_text": {"executed_lines": [30, 31, 32, 33, 34, 35], "summary": {"covered_lines": 6, "num_statements": 6, "percent_covered": 100.0, "percent_covered_display": "100", "missing_lines": 0, "excluded_lines": 0, "percent_statements_covered": 100.0, "percent_statements_covered_display": "100"}, "missing_lines": [], "excluded_lines": [], "start_line": 29}, "_url_with_query": {"executed_lines": [39, 40, 41, 42, 43, 44, 45, 46, 47, 48, 49, 51], "summary": {"covered_lines": 12, "num_statements": 13, "percent_covered": 92.3076923076923, "percent_covered_display": "92", "missing_lines": 1, "excluded_lines": 0, "percent_statements_covered": 92.3076923076923, "percent_statements_covered_display": "92"}, "missing_lines": [50], "excluded_lines": [], "start_line": 38}, "_http_json": {"executed_lines": [61, 62, 65, 66, 67, 68, 70, 71, 72, 73, 80, 81, 82, 83, 86], "summary": {"covered_lines": 15, "num_statements": 24, "percent_covered": 62.5, "percent_covered_display": "62", "missing_lines": 9, "excluded_lines": 0, "percent_statements_covered": 62.5, "percent_statements_covered_display": "62"}, "missing_lines": [63, 74, 75, 76, 77, 78, 79, 84, 85], "excluded_lines": [], "start_line": 54}, "memory_write": {"executed_lines": [108, 109, 124, 125], "summary": {"covered_lines": 4, "num_statements": 4, "percent_covered": 100.0, "percent_covered_display": "100", "missing_lines": 0, "excluded_lines": 0, "percent_statements_covered": 100.0, "percent_statements_covered_display": "100"}, "missing_lines": [], "excluded_lines": [], "start_line": 89}, "memory_search": {"executed_lines": [140, 148, 149], "summary": {"covered_lines": 3, "num_statements": 3, "percent_covered": 100.0, "percent_covered_display": "100", "missing_lines": 0, "excluded_lines": 0, "percent_statements_covered": 100.0, "percent_statements_covered_display": "100"}, "missing_lines": [], "excluded_lines": [], "start_line": 128}, "memory_recent": {"executed_lines": [162, 168, 169], "summary": {"covered_lines": 3, "num_statements": 3, "percent_covered": 100.0, "percent_covered_display": "100", "missing_lines": 0, "excluded_lines": 0, "percent_statements_covered": 100.0, "percent_statements_covered_display": "100"}, "missing_lines": [], "excluded_lines": [], "start_line": 152}, "memory_retrieve": {"executed_lines": [186, 196, 197], "summary": {"covered_lines": 3, "num_statements": 3, "percent_covered": 100.0, "percent_covered_display": "100", "missing_lines": 0, "excluded_lines": 0, "percent_statements_covered": 100.0, "percent_statements_covered_display": "100"}, "missing_lines": [], "excluded_lines": [], "start_line": 172}, "memory_stats": {"executed_lines": [206, 207], "summary": {"covered_lines": 2, "num_statements": 2, "percent_covered": 100.0, "percent_covered_display": "100", "missing_lines": 0, "excluded_lines": 0, "percent_statements_covered": 100.0, "percent_statements_covered_display": "100"}, "missing_lines": [], "excluded_lines": [], "start_line": 200}, "memory_feedback": {"executed_lines": [219, 220, 221, 222], "summary": {"covered_lines": 4, "num_statements": 4, "percent_covered": 100.0, "percent_covered_display": "100", "missing_lines": 0, "excluded_lines": 0, "percent_statements_covered": 100.0, "percent_statements_covered_display": "100"}, "missing_lines": [], "excluded_lines": [], "start_line": 210}, "memory_write_file": {"executed_lines": [234, 236, 237, 238, 239, 240, 241, 242, 243, 244, 245, 246, 247, 248, 249, 250, 259], "summary": {"covered_lines": 17, "num_statements": 18, "percent_covered": 94.44444444444444, "percent_covered_display": "94", "missing_lines": 1, "excluded_lines": 0, "percent_statements_covered": 94.44444444444444, "percent_statements_covered_display": "94"}, "missing_lines": [235], "excluded_lines": [], "start_line": 225}, "": {"executed_lines": [1, 3, 4, 5, 6, 7, 8, 10, 13, 14, 15, 16, 17, 20, 29, 38, 54, 89, 128, 152, 172, 200, 210, 225], "summary": {"covered_lines": 24, "num_statements": 24, "percent_covered": 100.0, "percent_covered_display": "100", "missing_lines": 0, "excluded_lines": 0, "percent_statements_covered": 100.0, "percent_statements_covered_display": "100"}, "missing_lines": [], "excluded_lines": [], "start_line": 1}}, "classes": {"HttpResult": {"executed_lines": [], "summary": {"covered_lines": 0, "num_statements": 0, "percent_covered": 100.0, "percent_covered_display": "100", "missing_lines": 0, "excluded_lines": 0, "percent_statements_covered": 100.0, "percent_statements_covered_display": "100"}, "missing_lines": [], "excluded_lines": [], "start_line": 14}, "": {"executed_lines": [1, 3, 4, 5, 6, 7, 8, 10, 13, 14, 15, 16, 17, 20, 21, 22, 23, 24, 25, 26, 29, 30, 31, 32, 33, 34, 35, 38, 39, 40, 41, 42, 43, 44, 45, 46, 47, 48, 49, 51, 54, 61, 62, 65, 66, 67, 68, 70, 71, 72, 73, 80, 81, 82, 83, 86, 89, 108, 109, 124, 125, 128, 140, 148, 149, 152, 162, 168, 169, 172, 186, 196, 197, 200, 206, 207, 210, 219, 220, 221, 222, 225, 234, 236, 237, 238, 239, 240, 241, 242, 243, 244, 245, 246, 247, 248, 249, 250, 259], "summary": {"covered_lines": 99, "num_statements": 110, "percent_covered": 90.0, "percent_covered_display": "90", "missing_lines": 11, "excluded_lines": 0, "percent_statements_covered": 90.0, "percent_statements_covered_display": "90"}, "missing_lines": [50, 63, 74, 75, 76, 77, 78, 79, 84, 85, 235], "excluded_lines": [], "start_line": 1}}}, "agent_memory_routes.py": {"executed_lines": [1, 3, 4, 7, 17, 18, 19, 20, 21, 22, 23, 24, 25, 26, 27, 28, 29, 30, 31, 32, 33, 34, 35, 36, 37, 40, 41, 42, 43, 44, 45], "summary": {"covered_lines": 31, "num_statements": 31, "percent_covered": 100.0, "percent_covered_display": "100", "missing_lines": 0, "excluded_lines": 0, "percent_statements_covered": 100.0, "percent_statements_covered_display": "100"}, "missing_lines": [], "excluded_lines": [], "functions": {"load_gateway_routes": {"executed_lines": [18, 19, 20, 21, 22, 23, 24, 25, 26, 27, 28, 29, 30, 31, 32, 33, 34, 35, 36, 37], "summary": {"covered_lines": 20, "num_statements": 20, "percent_covered": 100.0, "percent_covered_display": "100", "missing_lines": 0, "excluded_lines": 0, "percent_statements_covered": 100.0, "percent_statements_covered_display": "100"}, "missing_lines": [], "excluded_lines": [], "start_line": 17}, "resolve_route": {"executed_lines": [41, 42, 43, 44, 45], "summary": {"covered_lines": 5, "num_statements": 5, "percent_covered": 100.0, "percent_covered_display": "100", "missing_lines": 0, "excluded_lines": 0, "percent_statements_covered": 100.0, "percent_statements_covered_display": "100"}, "missing_lines": [], "excluded_lines": [], "start_line": 40}, "": {"executed_lines": [1, 3, 4, 7, 17, 40], "summary": {"covered_lines": 6, "num_statements": 6, "percent_covered": 100.0, "percent_covered_display": "100", "missing_lines": 0, "excluded_lines": 0, "percent_statements_covered": 100.0, "percent_statements_covered_display": "100"}, "missing_lines": [], "excluded_lines": [], "start_line": 1}}, "classes": {"": {"executed_lines": [1, 3, 4, 7, 17, 18, 19, 20, 21, 22, 23, 24, 25, 26, 27, 28, 29, 30, 31, 32, 33, 34, 35, 36, 37, 40, 41, 42, 43, 44, 45], "summary": {"covered_lines": 31, "num_statements": 31, "percent_covered": 100.0, "percent_covered_display": "100", "missing_lines": 0, "excluded_lines": 0, "percent_statements_covered": 100.0, "percent_statements_covered_display": "100"}, "missing_lines": [], "excluded_lines": [], "start_line": 1}}}, "agents_ops.py": {"executed_lines": [1, 3, 4, 5, 6, 8, 9, 10, 13, 14, 15, 16, 17, 18, 19, 20, 22, 23, 24, 27, 28, 29, 30, 31, 32, 33, 34, 35, 36, 37, 38, 39, 40, 41, 42, 45, 46, 48, 49, 50, 52, 53, 54, 55, 56, 57, 58, 60, 61, 62, 63, 65, 66, 67, 68, 69, 70, 71, 72, 73, 74, 75, 76, 77, 78, 79, 80, 82, 85, 86, 87, 88, 89, 92, 93, 94, 95, 96, 97, 98, 99, 100, 101, 102, 103, 104, 105, 106, 107, 108, 109, 110, 111, 112, 113, 114, 115, 116, 117, 118, 120, 122, 123, 124, 125, 126, 127, 128, 129, 132, 133, 136, 137, 138, 139, 140, 141, 142, 143, 145, 146, 147, 148, 150, 151, 152, 153, 154, 155, 156, 157, 158, 159, 160, 161, 162, 163, 164, 165, 166, 167, 168, 169, 170, 171, 172, 173, 174, 176, 177, 178, 179, 180, 181, 182, 183, 186, 187, 188, 189, 190, 191, 192, 193, 194, 195, 196, 198, 199, 201, 202, 203, 204, 205, 206, 207, 209, 210, 211, 212, 214, 234, 235], "summary": {"covered_lines": 183, "num_statements": 183, "percent_covered": 100.0, "percent_covered_display": "100", "missing_lines": 0, "excluded_lines": 0, "percent_statements_covered": 100.0, "percent_statements_covered_display": "100"}, "missing_lines": [], "excluded_lines": [], "functions": {"_agent_project_type": {"executed_lines": [14, 15, 16, 17, 18, 19, 20, 22, 23, 24], "summary": {"covered_lines": 10, "num_statements": 10, "percent_covered": 100.0, "percent_covered_display": "100", "missing_lines": 0, "excluded_lines": 0, "percent_statements_covered": 100.0, "percent_statements_covered_display": "100"}, "missing_lines": [], "excluded_lines": [], "start_line": 13}, "_is_endpoint_up": {"executed_lines": [28, 29, 30, 31, 32, 33, 34, 35, 36, 37, 38, 39, 40, 41, 42], "summary": {"covered_lines": 15, "num_statements": 15, "percent_covered": 100.0, "percent_covered_display": "100", "missing_lines": 0, "excluded_lines": 0, "percent_statements_covered": 100.0, "percent_statements_covered_display": "100"}, "missing_lines": [], "excluded_lines": [], "start_line": 27}, "_agent_row_problems": {"executed_lines": [46, 48, 49, 50, 52, 53, 54, 55, 56, 57, 58, 60, 61, 62, 63, 65, 66, 67, 68, 69, 70, 71, 72, 73, 74, 75, 76, 77, 78, 79, 80, 82], "summary": {"covered_lines": 32, "num_statements": 32, "percent_covered": 100.0, "percent_covered_display": "100", "missing_lines": 0, "excluded_lines": 0, "percent_statements_covered": 100.0, "percent_statements_covered_display": "100"}, "missing_lines": [], "excluded_lines": [], "start_line": 45}, "_problem_tags": {"executed_lines": [86, 87, 88, 89], "summary": {"covered_lines": 4, "num_statements": 4, "percent_covered": 100.0, "percent_covered_display": "100", "missing_lines": 0, "excluded_lines": 0, "percent_statements_covered": 100.0, "percent_statements_covered_display": "100"}, "missing_lines": [], "excluded_lines": [], "start_line": 85}, "_problem_explain_tags": {"executed_lines": [93, 94, 95, 96, 97, 98, 99, 100, 101, 102, 103, 104, 105, 106, 107, 108, 109, 110, 111, 112, 113, 114, 115, 116, 117, 118, 120, 122, 123, 124, 125, 126, 127, 128, 129], "summary": {"covered_lines": 35, "num_statements": 35, "percent_covered": 100.0, "percent_covered_display": "100", "missing_lines": 0, "excluded_lines": 0, "percent_statements_covered": 100.0, "percent_statements_covered_display": "100"}, "missing_lines": [], "excluded_lines": [], "start_line": 92}, "_agent_problem_explain": {"executed_lines": [133], "summary": {"covered_lines": 1, "num_statements": 1, "percent_covered": 100.0, "percent_covered_display": "100", "missing_lines": 0, "excluded_lines": 0, "percent_statements_covered": 100.0, "percent_statements_covered_display": "100"}, "missing_lines": [], "excluded_lines": [], "start_line": 132}, "_agent_fix_hints": {"executed_lines": [137, 138, 139, 140, 141, 142, 143, 145, 146, 147, 148, 150, 151, 152, 153, 154, 155, 156, 157, 158, 159, 160, 161, 162, 163, 164, 165, 166, 167, 168, 169, 170, 171, 172, 173, 174, 176, 177, 178, 179, 180, 181, 182, 183], "summary": {"covered_lines": 44, "num_statements": 44, "percent_covered": 100.0, "percent_covered_display": "100", "missing_lines": 0, "excluded_lines": 0, "percent_statements_covered": 100.0, "percent_statements_covered_display": "100"}, "missing_lines": [], "excluded_lines": [], "start_line": 136}, "_build_agent_row": {"executed_lines": [187, 188, 189, 190, 191, 192, 193, 194, 195, 196, 198, 199, 201, 202, 203, 204, 205, 206, 207, 209, 210, 211, 212, 214, 234, 235], "summary": {"covered_lines": 26, "num_statements": 26, "percent_covered": 100.0, "percent_covered_display": "100", "missing_lines": 0, "excluded_lines": 0, "percent_statements_covered": 100.0, "percent_statements_covered_display": "100"}, "missing_lines": [], "excluded_lines": [], "start_line": 186}, "": {"executed_lines": [1, 3, 4, 5, 6, 8, 9, 10, 13, 27, 45, 85, 92, 132, 136, 186], "summary": {"covered_lines": 16, "num_statements": 16, "percent_covered": 100.0, "percent_covered_display": "100", "missing_lines": 0, "excluded_lines": 0, "percent_statements_covered": 100.0, "percent_statements_covered_display": "100"}, "missing_lines": [], "excluded_lines": [], "start_line": 1}}, "classes": {"": {"executed_lines": [1, 3, 4, 5, 6, 8, 9, 10, 13, 14, 15, 16, 17, 18, 19, 20, 22, 23, 24, 27, 28, 29, 30, 31, 32, 33, 34, 35, 36, 37, 38, 39, 40, 41, 42, 45, 46, 48, 49, 50, 52, 53, 54, 55, 56, 57, 58, 60, 61, 62, 63, 65, 66, 67, 68, 69, 70, 71, 72, 73, 74, 75, 76, 77, 78, 79, 80, 82, 85, 86, 87, 88, 89, 92, 93, 94, 95, 96, 97, 98, 99, 100, 101, 102, 103, 104, 105, 106, 107, 108, 109, 110, 111, 112, 113, 114, 115, 116, 117, 118, 120, 122, 123, 124, 125, 126, 127, 128, 129, 132, 133, 136, 137, 138, 139, 140, 141, 142, 143, 145, 146, 147, 148, 150, 151, 152, 153, 154, 155, 156, 157, 158, 159, 160, 161, 162, 163, 164, 165, 166, 167, 168, 169, 170, 171, 172, 173, 174, 176, 177, 178, 179, 180, 181, 182, 183, 186, 187, 188, 189, 190, 191, 192, 193, 194, 195, 196, 198, 199, 201, 202, 203, 204, 205, 206, 207, 209, 210, 211, 212, 214, 234, 235], "summary": {"covered_lines": 183, "num_statements": 183, "percent_covered": 100.0, "percent_covered_display": "100", "missing_lines": 0, "excluded_lines": 0, "percent_statements_covered": 100.0, "percent_statements_covered_display": "100"}, "missing_lines": [], "excluded_lines": [], "start_line": 1}}}, "app.py": {"executed_lines": [1, 3, 4, 5, 6, 8], "summary": {"covered_lines": 6, "num_statements": 6, "percent_covered": 100.0, "percent_covered_display": "100", "missing_lines": 0, "excluded_lines": 0, "percent_statements_covered": 100.0, "percent_statements_covered_display": "100"}, "missing_lines": [], "excluded_lines": [], "functions": {"": {"executed_lines": [1, 3, 4, 5, 6, 8], "summary": {"covered_lines": 6, "num_statements": 6, "percent_covered": 100.0, "percent_covered_display": "100", "missing_lines": 0, "excluded_lines": 0, "percent_statements_covered": 100.0, "percent_statements_covered_display": "100"}, "missing_lines": [], "excluded_lines": [], "start_line": 1}}, "classes": {"": {"executed_lines": [1, 3, 4, 5, 6, 8], "summary": {"covered_lines": 6, "num_statements": 6, "percent_covered": 100.0, "percent_covered_display": "100", "missing_lines": 0, "excluded_lines": 0, "percent_statements_covered": 100.0, "percent_statements_covered_display": "100"}, "missing_lines": [], "excluded_lines": [], "start_line": 1}}}, "chains.py": {"executed_lines": [1, 3, 4, 5, 6, 7, 10, 11, 12, 13, 14, 17, 18, 19, 20, 27, 28, 30, 31, 32, 34, 35, 36, 37, 40, 41, 42, 44, 45, 46, 48, 49, 51, 52, 53, 54, 56, 57, 58, 60, 61, 62, 65, 68, 69], "summary": {"covered_lines": 45, "num_statements": 56, "percent_covered": 80.35714285714286, "percent_covered_display": "80", "missing_lines": 11, "excluded_lines": 0, "percent_statements_covered": 80.35714285714286, "percent_statements_covered_display": "80"}, "missing_lines": [21, 22, 23, 24, 29, 33, 43, 47, 50, 63, 64], "excluded_lines": [], "functions": {"_default_chains_path": {"executed_lines": [18, 19, 20], "summary": {"covered_lines": 3, "num_statements": 7, "percent_covered": 42.857142857142854, "percent_covered_display": "43", "missing_lines": 4, "excluded_lines": 0, "percent_statements_covered": 42.857142857142854, "percent_statements_covered_display": "43"}, "missing_lines": [21, 22, 23, 24], "excluded_lines": [], "start_line": 17}, "_normalize_steps": {"executed_lines": [28, 30, 31, 32, 34, 35, 36, 37], "summary": {"covered_lines": 8, "num_statements": 10, "percent_covered": 80.0, "percent_covered_display": "80", "missing_lines": 2, "excluded_lines": 0, "percent_statements_covered": 80.0, "percent_statements_covered_display": "80"}, "missing_lines": [29, 33], "excluded_lines": [], "start_line": 27}, "load_chains": {"executed_lines": [41, 56, 57, 58, 60, 61, 62, 65], "summary": {"covered_lines": 8, "num_statements": 10, "percent_covered": 80.0, "percent_covered_display": "80", "missing_lines": 2, "excluded_lines": 0, "percent_statements_covered": 80.0, "percent_statements_covered_display": "80"}, "missing_lines": [63, 64], "excluded_lines": [], "start_line": 40}, "load_chains.parse": {"executed_lines": [42, 44, 45, 46, 48, 49, 51, 52, 53, 54], "summary": {"covered_lines": 10, "num_statements": 13, "percent_covered": 76.92307692307692, "percent_covered_display": "77", "missing_lines": 3, "excluded_lines": 0, "percent_statements_covered": 76.92307692307692, "percent_statements_covered_display": "77"}, "missing_lines": [43, 47, 50], "excluded_lines": [], "start_line": 41}, "chain_rows": {"executed_lines": [69], "summary": {"covered_lines": 1, "num_statements": 1, "percent_covered": 100.0, "percent_covered_display": "100", "missing_lines": 0, "excluded_lines": 0, "percent_statements_covered": 100.0, "percent_statements_covered_display": "100"}, "missing_lines": [], "excluded_lines": [], "start_line": 68}, "": {"executed_lines": [1, 3, 4, 5, 6, 7, 10, 11, 12, 13, 14, 17, 27, 40, 68], "summary": {"covered_lines": 15, "num_statements": 15, "percent_covered": 100.0, "percent_covered_display": "100", "missing_lines": 0, "excluded_lines": 0, "percent_statements_covered": 100.0, "percent_statements_covered_display": "100"}, "missing_lines": [], "excluded_lines": [], "start_line": 1}}, "classes": {"Chain": {"executed_lines": [], "summary": {"covered_lines": 0, "num_statements": 0, "percent_covered": 100.0, "percent_covered_display": "100", "missing_lines": 0, "excluded_lines": 0, "percent_statements_covered": 100.0, "percent_statements_covered_display": "100"}, "missing_lines": [], "excluded_lines": [], "start_line": 11}, "": {"executed_lines": [1, 3, 4, 5, 6, 7, 10, 11, 12, 13, 14, 17, 18, 19, 20, 27, 28, 30, 31, 32, 34, 35, 36, 37, 40, 41, 42, 44, 45, 46, 48, 49, 51, 52, 53, 54, 56, 57, 58, 60, 61, 62, 65, 68, 69], "summary": {"covered_lines": 45, "num_statements": 56, "percent_covered": 80.35714285714286, "percent_covered_display": "80", "missing_lines": 11, "excluded_lines": 0, "percent_statements_covered": 80.35714285714286, "percent_statements_covered_display": "80"}, "missing_lines": [21, 22, 23, 24, 29, 33, 43, 47, 50, 63, 64], "excluded_lines": [], "start_line": 1}}}, "cli.py": {"executed_lines": [1, 3, 4, 5, 7, 8, 9, 10, 11, 12, 13, 23, 24, 25, 26, 27, 28, 29, 30, 31, 32, 34, 44, 45, 48, 49, 51, 52, 54, 56, 57, 59, 60, 61, 62, 63, 65, 66, 68, 69, 70, 71, 72, 73, 74, 75, 77, 78, 79, 80, 81, 82, 83, 84, 86, 87, 88, 89, 90, 91, 92, 93, 95, 96, 97, 98, 99, 100, 101, 103, 104, 105, 106, 107, 108, 109, 110, 111, 112, 114, 115, 116, 117, 118, 119, 120, 121, 122, 123, 125, 126, 127, 128, 129, 130, 131, 132, 133, 134, 135, 136, 137, 138, 139, 141, 142, 144, 145, 146, 147, 148, 149, 150, 151, 153, 154, 155, 156, 157, 158, 159, 160, 161, 162, 163, 164, 166, 167, 169, 170, 171, 172, 173, 174, 176, 177, 195, 196, 197, 198, 199, 200, 201, 202, 203, 204, 205, 206, 207, 208, 209, 210, 211, 212, 213, 214, 215, 216, 217, 218, 219, 220, 221, 222, 223, 224, 225, 227, 228, 229, 230, 231, 232, 233, 234, 235, 236, 238, 239, 241, 242, 243, 244, 246, 247, 248, 249, 250, 252, 253, 255, 256, 257, 258, 260, 261, 263, 264, 265, 266, 267, 268, 269, 270, 271, 273, 274, 275, 276, 277, 279, 280, 281, 282, 284, 285, 286, 287, 288, 289, 290, 291, 292, 293, 295, 296, 297, 298, 299, 300, 302, 305, 306, 307, 308, 309, 310], "summary": {"covered_lines": 237, "num_statements": 237, "percent_covered": 100.0, "percent_covered_display": "100", "missing_lines": 0, "excluded_lines": 0, "percent_statements_covered": 100.0, "percent_statements_covered_display": "100"}, "missing_lines": [], "excluded_lines": [], "functions": {"_default_prog": {"executed_lines": [45], "summary": {"covered_lines": 1, "num_statements": 1, "percent_covered": 100.0, "percent_covered_display": "100", "missing_lines": 0, "excluded_lines": 0, "percent_statements_covered": 100.0, "percent_statements_covered_display": "100"}, "missing_lines": [], "excluded_lines": [], "start_line": 44}, "_build_parser": {"executed_lines": [49, 51, 52, 54, 56, 57, 59, 60, 61, 62, 63, 65, 66, 68, 69, 70, 71, 72, 73, 74, 75, 77, 78, 79, 80, 81, 82, 83, 84, 86, 87, 88, 89, 90, 91, 92, 93, 95, 96, 97, 98, 99, 100, 101, 103, 104, 105, 106, 107, 108, 109, 110, 111, 112, 114, 115, 116, 117, 118, 119, 120, 121, 122, 123, 125, 126, 127, 128, 129, 130, 131, 132, 133, 134, 135, 136, 137, 138, 139, 141, 142, 144, 145, 146, 147, 148, 149, 150, 151, 153, 154, 155, 156, 157, 158, 159, 160, 161, 162, 163, 164, 166, 167, 169, 170, 171, 172, 173, 174, 176, 177, 195, 196, 197, 198, 199, 200, 201, 202, 203, 204, 205, 206, 207, 208, 209, 210, 211, 212, 213, 214, 215, 216, 217, 218, 219, 220, 221, 222, 223, 224, 225, 227, 228, 229, 230, 231, 232, 233, 234, 235, 236, 238, 239, 241, 242, 243, 244, 246, 247, 248, 249, 250, 252, 253, 255, 256, 257, 258, 260, 261, 263, 264, 265, 266, 267, 268, 269, 270, 271, 273, 274, 275, 276, 277, 279, 280, 281, 282, 284, 285, 286, 287, 288, 289, 290, 291, 292, 293, 295, 296, 297, 298, 299, 300, 302], "summary": {"covered_lines": 206, "num_statements": 206, "percent_covered": 100.0, "percent_covered_display": "100", "missing_lines": 0, "excluded_lines": 0, "percent_statements_covered": 100.0, "percent_statements_covered_display": "100"}, "missing_lines": [], "excluded_lines": [], "start_line": 48}, "run": {"executed_lines": [306, 307, 308, 309, 310], "summary": {"covered_lines": 5, "num_statements": 5, "percent_covered": 100.0, "percent_covered_display": "100", "missing_lines": 0, "excluded_lines": 0, "percent_statements_covered": 100.0, "percent_statements_covered_display": "100"}, "missing_lines": [], "excluded_lines": [], "start_line": 305}, "": {"executed_lines": [1, 3, 4, 5, 7, 8, 9, 10, 11, 12, 13, 23, 24, 25, 26, 27, 28, 29, 30, 31, 32, 34, 44, 48, 305], "summary": {"covered_lines": 25, "num_statements": 25, "percent_covered": 100.0, "percent_covered_display": "100", "missing_lines": 0, "excluded_lines": 0, "percent_statements_covered": 100.0, "percent_statements_covered_display": "100"}, "missing_lines": [], "excluded_lines": [], "start_line": 1}}, "classes": {"": {"executed_lines": [1, 3, 4, 5, 7, 8, 9, 10, 11, 12, 13, 23, 24, 25, 26, 27, 28, 29, 30, 31, 32, 34, 44, 45, 48, 49, 51, 52, 54, 56, 57, 59, 60, 61, 62, 63, 65, 66, 68, 69, 70, 71, 72, 73, 74, 75, 77, 78, 79, 80, 81, 82, 83, 84, 86, 87, 88, 89, 90, 91, 92, 93, 95, 96, 97, 98, 99, 100, 101, 103, 104, 105, 106, 107, 108, 109, 110, 111, 112, 114, 115, 116, 117, 118, 119, 120, 121, 122, 123, 125, 126, 127, 128, 129, 130, 131, 132, 133, 134, 135, 136, 137, 138, 139, 141, 142, 144, 145, 146, 147, 148, 149, 150, 151, 153, 154, 155, 156, 157, 158, 159, 160, 161, 162, 163, 164, 166, 167, 169, 170, 171, 172, 173, 174, 176, 177, 195, 196, 197, 198, 199, 200, 201, 202, 203, 204, 205, 206, 207, 208, 209, 210, 211, 212, 213, 214, 215, 216, 217, 218, 219, 220, 221, 222, 223, 224, 225, 227, 228, 229, 230, 231, 232, 233, 234, 235, 236, 238, 239, 241, 242, 243, 244, 246, 247, 248, 249, 250, 252, 253, 255, 256, 257, 258, 260, 261, 263, 264, 265, 266, 267, 268, 269, 270, 271, 273, 274, 275, 276, 277, 279, 280, 281, 282, 284, 285, 286, 287, 288, 289, 290, 291, 292, 293, 295, 296, 297, 298, 299, 300, 302, 305, 306, 307, 308, 309, 310], "summary": {"covered_lines": 237, "num_statements": 237, "percent_covered": 100.0, "percent_covered_display": "100", "missing_lines": 0, "excluded_lines": 0, "percent_statements_covered": 100.0, "percent_statements_covered_display": "100"}, "missing_lines": [], "excluded_lines": [], "start_line": 1}}}, "cli_cmd_agents.py": {"executed_lines": [1, 3, 5, 6, 7, 8, 9, 12, 13, 14, 16, 17, 18, 19, 25, 26, 29, 32, 33, 34, 36, 37, 39, 40, 41, 42, 43, 44, 65, 66, 67, 68, 69, 71, 72, 73, 74, 75, 76, 77, 79, 96, 97, 98, 99, 102, 103, 104, 105, 108, 109], "summary": {"covered_lines": 51, "num_statements": 56, "percent_covered": 91.07142857142857, "percent_covered_display": "91", "missing_lines": 5, "excluded_lines": 0, "percent_statements_covered": 91.07142857142857, "percent_statements_covered_display": "91"}, "missing_lines": [15, 28, 35, 101, 107], "excluded_lines": [], "functions": {"_cmd_agents_list": {"executed_lines": [13, 14, 16, 17, 18, 19, 25, 26, 29], "summary": {"covered_lines": 9, "num_statements": 11, "percent_covered": 81.81818181818181, "percent_covered_display": "82", "missing_lines": 2, "excluded_lines": 0, "percent_statements_covered": 81.81818181818181, "percent_statements_covered_display": "82"}, "missing_lines": [15, 28], "excluded_lines": [], "start_line": 12}, "_cmd_agents_status": {"executed_lines": [33, 34, 36, 37, 39, 40, 41, 42, 43, 44, 65, 66, 67, 68, 69, 71, 72, 73, 74, 75, 76, 77, 79, 96, 97, 98, 99, 102, 103, 104, 105, 108, 109], "summary": {"covered_lines": 33, "num_statements": 36, "percent_covered": 91.66666666666667, "percent_covered_display": "92", "missing_lines": 3, "excluded_lines": 0, "percent_statements_covered": 91.66666666666667, "percent_statements_covered_display": "92"}, "missing_lines": [35, 101, 107], "excluded_lines": [], "start_line": 32}, "": {"executed_lines": [1, 3, 5, 6, 7, 8, 9, 12, 32], "summary": {"covered_lines": 9, "num_statements": 9, "percent_covered": 100.0, "percent_covered_display": "100", "missing_lines": 0, "excluded_lines": 0, "percent_statements_covered": 100.0, "percent_statements_covered_display": "100"}, "missing_lines": [], "excluded_lines": [], "start_line": 1}}, "classes": {"": {"executed_lines": [1, 3, 5, 6, 7, 8, 9, 12, 13, 14, 16, 17, 18, 19, 25, 26, 29, 32, 33, 34, 36, 37, 39, 40, 41, 42, 43, 44, 65, 66, 67, 68, 69, 71, 72, 73, 74, 75, 76, 77, 79, 96, 97, 98, 99, 102, 103, 104, 105, 108, 109], "summary": {"covered_lines": 51, "num_statements": 56, "percent_covered": 91.07142857142857, "percent_covered_display": "91", "missing_lines": 5, "excluded_lines": 0, "percent_statements_covered": 91.07142857142857, "percent_statements_covered_display": "91"}, "missing_lines": [15, 28, 35, 101, 107], "excluded_lines": [], "start_line": 1}}}, "cli_cmd_algotrading.py": {"executed_lines": [1, 3, 4, 5, 6, 7, 8, 10, 11, 12, 15, 16, 19, 20, 21, 24, 25, 26, 29, 32, 33, 36, 37, 38, 40, 41, 44, 46, 49, 50, 51, 53, 54, 55, 56, 58, 60, 61, 64, 82, 89, 90, 91, 92, 93, 94, 95, 102, 103, 104, 105, 107, 109, 110, 111, 121, 122, 123, 124, 125, 126, 127, 128, 129, 130, 131, 133, 134, 136, 137, 139, 153, 154, 164, 167, 168, 169, 171, 172, 173, 175, 176, 177, 179, 180, 181, 182, 186, 188, 189, 190, 191, 192, 194, 195, 196, 197, 198, 199, 201, 202, 203, 204, 205, 206, 208, 209, 210, 211, 212, 213, 215, 217, 218, 227, 228, 229, 233, 236, 237, 238, 239, 248, 249, 250, 252, 253, 255, 286, 287, 288, 289, 290, 291, 293, 294, 295, 296, 305, 306, 307, 311, 314, 330, 354, 355, 356, 357, 361, 362, 365, 366, 367, 368, 370, 371, 372, 373, 374, 376, 386, 387, 388, 389, 390, 392, 393, 394, 395, 399, 406, 416, 417, 428, 431, 493, 570, 571, 572, 574, 575, 576, 578, 579, 580, 581, 582, 584, 585, 586, 587, 588, 590, 591, 593, 594, 595, 596, 597, 598, 599, 601, 602, 603, 604, 605, 607, 608, 609, 610, 611, 613, 614, 615, 616, 617, 618, 619, 620, 621, 622, 623, 625, 626, 627, 628, 629, 630, 631, 632, 633, 634, 635, 636, 638, 639, 640, 641, 642, 643, 644, 645, 646, 647, 648, 649, 650, 651, 652, 653, 654], "summary": {"covered_lines": 251, "num_statements": 472, "percent_covered": 53.17796610169491, "percent_covered_display": "53", "missing_lines": 221, "excluded_lines": 0, "percent_statements_covered": 53.17796610169491, "percent_statements_covered_display": "53"}, "missing_lines": [22, 27, 39, 42, 43, 45, 52, 57, 59, 65, 66, 67, 68, 69, 70, 71, 72, 73, 74, 75, 76, 77, 78, 79, 96, 97, 98, 99, 156, 157, 158, 159, 160, 161, 162, 184, 185, 219, 220, 221, 222, 224, 225, 231, 232, 240, 241, 242, 244, 245, 246, 297, 298, 299, 300, 302, 303, 309, 310, 315, 316, 317, 318, 319, 320, 322, 323, 324, 325, 326, 327, 331, 332, 333, 334, 335, 336, 338, 339, 340, 341, 342, 343, 344, 345, 347, 348, 349, 350, 351, 358, 359, 363, 375, 377, 378, 379, 380, 381, 382, 383, 384, 391, 396, 397, 419, 420, 421, 422, 423, 424, 425, 426, 432, 433, 434, 435, 436, 438, 439, 440, 441, 442, 443, 444, 445, 446, 447, 448, 449, 450, 451, 452, 453, 455, 456, 457, 458, 459, 460, 461, 462, 463, 464, 465, 466, 467, 468, 469, 470, 472, 474, 482, 483, 485, 486, 487, 488, 489, 490, 494, 495, 496, 497, 498, 500, 501, 502, 503, 504, 505, 506, 507, 508, 509, 510, 511, 512, 513, 514, 515, 517, 518, 519, 521, 522, 523, 524, 525, 526, 527, 529, 530, 531, 532, 533, 534, 535, 536, 537, 538, 539, 540, 541, 542, 543, 544, 545, 546, 547, 548, 550, 551, 559, 560, 562, 563, 564, 565, 566, 567], "excluded_lines": [], "functions": {"_default_assistant_root": {"executed_lines": [16], "summary": {"covered_lines": 1, "num_statements": 1, "percent_covered": 100.0, "percent_covered_display": "100", "missing_lines": 0, "excluded_lines": 0, "percent_statements_covered": 100.0, "percent_statements_covered_display": "100"}, "missing_lines": [], "excluded_lines": [], "start_line": 15}, "_default_vault_algotrading_root": {"executed_lines": [20, 21, 24, 25, 26, 29], "summary": {"covered_lines": 6, "num_statements": 8, "percent_covered": 75.0, "percent_covered_display": "75", "missing_lines": 2, "excluded_lines": 0, "percent_statements_covered": 75.0, "percent_statements_covered_display": "75"}, "missing_lines": [22, 27], "excluded_lines": [], "start_line": 19}, "_default_config_path": {"executed_lines": [33], "summary": {"covered_lines": 1, "num_statements": 1, "percent_covered": 100.0, "percent_covered_display": "100", "missing_lines": 0, "excluded_lines": 0, "percent_statements_covered": 100.0, "percent_statements_covered_display": "100"}, "missing_lines": [], "excluded_lines": [], "start_line": 32}, "_load_config": {"executed_lines": [37, 38, 40, 41, 44, 46], "summary": {"covered_lines": 6, "num_statements": 10, "percent_covered": 60.0, "percent_covered_display": "60", "missing_lines": 4, "excluded_lines": 0, "percent_statements_covered": 60.0, "percent_statements_covered_display": "60"}, "missing_lines": [39, 42, 43, 45], "excluded_lines": [], "start_line": 36}, "_config_env": {"executed_lines": [50, 51, 53, 54, 55, 56, 58, 60, 61], "summary": {"covered_lines": 9, "num_statements": 12, "percent_covered": 75.0, "percent_covered_display": "75", "missing_lines": 3, "excluded_lines": 0, "percent_statements_covered": 75.0, "percent_statements_covered_display": "75"}, "missing_lines": [52, 57, 59], "excluded_lines": [], "start_line": 49}, "_env_from_file": {"executed_lines": [], "summary": {"covered_lines": 0, "num_statements": 15, "percent_covered": 0.0, "percent_covered_display": "0", "missing_lines": 15, "excluded_lines": 0, "percent_statements_covered": 0.0, "percent_statements_covered_display": "0"}, "missing_lines": [65, 66, 67, 68, 69, 70, 71, 72, 73, 74, 75, 76, 77, 78, 79], "excluded_lines": [], "start_line": 64}, "_run_python": {"executed_lines": [89, 90, 91, 92, 93, 94, 95], "summary": {"covered_lines": 7, "num_statements": 11, "percent_covered": 63.63636363636363, "percent_covered_display": "64", "missing_lines": 4, "excluded_lines": 0, "percent_statements_covered": 63.63636363636363, "percent_statements_covered_display": "64"}, "missing_lines": [96, 97, 98, 99], "excluded_lines": [], "start_line": 82}, "_cmd_algotrading_doctor": {"executed_lines": [103, 104, 105, 107, 109, 121, 122, 123, 124, 125, 126, 127, 128, 129, 130, 131, 133, 134, 136, 137, 139, 153, 154, 164], "summary": {"covered_lines": 24, "num_statements": 31, "percent_covered": 77.41935483870968, "percent_covered_display": "77", "missing_lines": 7, "excluded_lines": 0, "percent_statements_covered": 77.41935483870968, "percent_statements_covered_display": "77"}, "missing_lines": [156, 157, 158, 159, 160, 161, 162], "excluded_lines": [], "start_line": 102}, "_cmd_algotrading_doctor.add": {"executed_lines": [110, 111], "summary": {"covered_lines": 2, "num_statements": 2, "percent_covered": 100.0, "percent_covered_display": "100", "missing_lines": 0, "excluded_lines": 0, "percent_statements_covered": 100.0, "percent_statements_covered_display": "100"}, "missing_lines": [], "excluded_lines": [], "start_line": 109}, "_cmd_algotrading_sync_ssot": {"executed_lines": [168, 169, 171, 172, 173, 175, 176, 177, 179, 180, 181, 182, 186, 188, 189, 190, 191, 192, 194, 195, 196, 197, 198, 199, 201, 202, 203, 204, 205, 206, 208, 209, 210, 211, 212, 213, 215, 217, 218, 227, 228, 229, 233], "summary": {"covered_lines": 43, "num_statements": 53, "percent_covered": 81.13207547169812, "percent_covered_display": "81", "missing_lines": 10, "excluded_lines": 0, "percent_statements_covered": 81.13207547169812, "percent_statements_covered_display": "81"}, "missing_lines": [184, 185, 219, 220, 221, 222, 224, 225, 231, 232], "excluded_lines": [], "start_line": 167}, "_cmd_algotrading_config_init": {"executed_lines": [237, 238, 239, 248, 249, 250, 252, 253, 255, 286, 287, 288, 289, 290, 291, 293, 294, 295, 296, 305, 306, 307, 311], "summary": {"covered_lines": 23, "num_statements": 37, "percent_covered": 62.16216216216216, "percent_covered_display": "62", "missing_lines": 14, "excluded_lines": 0, "percent_statements_covered": 62.16216216216216, "percent_statements_covered_display": "62"}, "missing_lines": [240, 241, 242, 244, 245, 246, 297, 298, 299, 300, 302, 303, 309, 310], "excluded_lines": [], "start_line": 236}, "_cmd_algotrading_config_show": {"executed_lines": [], "summary": {"covered_lines": 0, "num_statements": 12, "percent_covered": 0.0, "percent_covered_display": "0", "missing_lines": 12, "excluded_lines": 0, "percent_statements_covered": 0.0, "percent_statements_covered_display": "0"}, "missing_lines": [315, 316, 317, 318, 319, 320, 322, 323, 324, 325, 326, 327], "excluded_lines": [], "start_line": 314}, "_cmd_algotrading_config_validate": {"executed_lines": [], "summary": {"covered_lines": 0, "num_statements": 19, "percent_covered": 0.0, "percent_covered_display": "0", "missing_lines": 19, "excluded_lines": 0, "percent_statements_covered": 0.0, "percent_statements_covered_display": "0"}, "missing_lines": [331, 332, 333, 334, 335, 336, 338, 339, 340, 341, 342, 343, 344, 345, 347, 348, 349, 350, 351], "excluded_lines": [], "start_line": 330}, "_cmd_algotrading_run": {"executed_lines": [355, 356, 357, 361, 362, 365, 366, 367, 368, 370, 371, 372, 373, 374, 376, 386, 387, 388, 389, 390, 392, 393, 394, 395, 399, 406, 416, 417, 428], "summary": {"covered_lines": 29, "num_statements": 52, "percent_covered": 55.76923076923077, "percent_covered_display": "56", "missing_lines": 23, "excluded_lines": 0, "percent_statements_covered": 55.76923076923077, "percent_statements_covered_display": "56"}, "missing_lines": [358, 359, 363, 375, 377, 378, 379, 380, 381, 382, 383, 384, 391, 396, 397, 419, 420, 421, 422, 423, 424, 425, 426], "excluded_lines": [], "start_line": 354}, "_cmd_algotrading_optimize_lessons": {"executed_lines": [], "summary": {"covered_lines": 0, "num_statements": 47, "percent_covered": 0.0, "percent_covered_display": "0", "missing_lines": 47, "excluded_lines": 0, "percent_statements_covered": 0.0, "percent_statements_covered_display": "0"}, "missing_lines": [432, 433, 434, 435, 436, 438, 439, 440, 441, 442, 443, 444, 445, 446, 447, 448, 449, 450, 451, 452, 453, 455, 456, 457, 458, 459, 460, 461, 462, 463, 464, 465, 466, 467, 468, 469, 470, 472, 474, 482, 483, 485, 486, 487, 488, 489, 490], "excluded_lines": [], "start_line": 431}, "_cmd_algotrading_media_db_migrate": {"executed_lines": [], "summary": {"covered_lines": 0, "num_statements": 61, "percent_covered": 0.0, "percent_covered_display": "0", "missing_lines": 61, "excluded_lines": 0, "percent_statements_covered": 0.0, "percent_statements_covered_display": "0"}, "missing_lines": [494, 495, 496, 497, 498, 500, 501, 502, 503, 504, 505, 506, 507, 508, 509, 510, 511, 512, 513, 514, 515, 517, 518, 519, 521, 522, 523, 524, 525, 526, 527, 529, 530, 531, 532, 533, 534, 535, 536, 537, 538, 539, 540, 541, 542, 543, 544, 545, 546, 547, 548, 550, 551, 559, 560, 562, 563, 564, 565, 566, 567], "excluded_lines": [], "start_line": 493}, "add_algotrading_parsers": {"executed_lines": [571, 572, 574, 578, 579, 580, 581, 582, 584, 585, 586, 587, 588, 590, 591, 593, 594, 595, 596, 597, 598, 599, 601, 602, 603, 604, 605, 607, 608, 609, 610, 611, 613, 614, 615, 616, 617, 618, 619, 620, 621, 622, 623, 625, 626, 627, 628, 629, 630, 631, 632, 633, 634, 635, 636, 638, 639, 640, 641, 642, 643, 644, 645, 646, 647, 648, 649, 650, 651, 652, 653, 654], "summary": {"covered_lines": 72, "num_statements": 72, "percent_covered": 100.0, "percent_covered_display": "100", "missing_lines": 0, "excluded_lines": 0, "percent_statements_covered": 100.0, "percent_statements_covered_display": "100"}, "missing_lines": [], "excluded_lines": [], "start_line": 570}, "add_algotrading_parsers.add_common": {"executed_lines": [575, 576], "summary": {"covered_lines": 2, "num_statements": 2, "percent_covered": 100.0, "percent_covered_display": "100", "missing_lines": 0, "excluded_lines": 0, "percent_statements_covered": 100.0, "percent_statements_covered_display": "100"}, "missing_lines": [], "excluded_lines": [], "start_line": 574}, "": {"executed_lines": [1, 3, 4, 5, 6, 7, 8, 10, 11, 12, 15, 19, 32, 36, 49, 64, 82, 102, 167, 236, 314, 330, 354, 431, 493, 570], "summary": {"covered_lines": 26, "num_statements": 26, "percent_covered": 100.0, "percent_covered_display": "100", "missing_lines": 0, "excluded_lines": 0, "percent_statements_covered": 100.0, "percent_statements_covered_display": "100"}, "missing_lines": [], "excluded_lines": [], "start_line": 1}}, "classes": {"": {"executed_lines": [1, 3, 4, 5, 6, 7, 8, 10, 11, 12, 15, 16, 19, 20, 21, 24, 25, 26, 29, 32, 33, 36, 37, 38, 40, 41, 44, 46, 49, 50, 51, 53, 54, 55, 56, 58, 60, 61, 64, 82, 89, 90, 91, 92, 93, 94, 95, 102, 103, 104, 105, 107, 109, 110, 111, 121, 122, 123, 124, 125, 126, 127, 128, 129, 130, 131, 133, 134, 136, 137, 139, 153, 154, 164, 167, 168, 169, 171, 172, 173, 175, 176, 177, 179, 180, 181, 182, 186, 188, 189, 190, 191, 192, 194, 195, 196, 197, 198, 199, 201, 202, 203, 204, 205, 206, 208, 209, 210, 211, 212, 213, 215, 217, 218, 227, 228, 229, 233, 236, 237, 238, 239, 248, 249, 250, 252, 253, 255, 286, 287, 288, 289, 290, 291, 293, 294, 295, 296, 305, 306, 307, 311, 314, 330, 354, 355, 356, 357, 361, 362, 365, 366, 367, 368, 370, 371, 372, 373, 374, 376, 386, 387, 388, 389, 390, 392, 393, 394, 395, 399, 406, 416, 417, 428, 431, 493, 570, 571, 572, 574, 575, 576, 578, 579, 580, 581, 582, 584, 585, 586, 587, 588, 590, 591, 593, 594, 595, 596, 597, 598, 599, 601, 602, 603, 604, 605, 607, 608, 609, 610, 611, 613, 614, 615, 616, 617, 618, 619, 620, 621, 622, 623, 625, 626, 627, 628, 629, 630, 631, 632, 633, 634, 635, 636, 638, 639, 640, 641, 642, 643, 644, 645, 646, 647, 648, 649, 650, 651, 652, 653, 654], "summary": {"covered_lines": 251, "num_statements": 472, "percent_covered": 53.17796610169491, "percent_covered_display": "53", "missing_lines": 221, "excluded_lines": 0, "percent_statements_covered": 53.17796610169491, "percent_statements_covered_display": "53"}, "missing_lines": [22, 27, 39, 42, 43, 45, 52, 57, 59, 65, 66, 67, 68, 69, 70, 71, 72, 73, 74, 75, 76, 77, 78, 79, 96, 97, 98, 99, 156, 157, 158, 159, 160, 161, 162, 184, 185, 219, 220, 221, 222, 224, 225, 231, 232, 240, 241, 242, 244, 245, 246, 297, 298, 299, 300, 302, 303, 309, 310, 315, 316, 317, 318, 319, 320, 322, 323, 324, 325, 326, 327, 331, 332, 333, 334, 335, 336, 338, 339, 340, 341, 342, 343, 344, 345, 347, 348, 349, 350, 351, 358, 359, 363, 375, 377, 378, 379, 380, 381, 382, 383, 384, 391, 396, 397, 419, 420, 421, 422, 423, 424, 425, 426, 432, 433, 434, 435, 436, 438, 439, 440, 441, 442, 443, 444, 445, 446, 447, 448, 449, 450, 451, 452, 453, 455, 456, 457, 458, 459, 460, 461, 462, 463, 464, 465, 466, 467, 468, 469, 470, 472, 474, 482, 483, 485, 486, 487, 488, 489, 490, 494, 495, 496, 497, 498, 500, 501, 502, 503, 504, 505, 506, 507, 508, 509, 510, 511, 512, 513, 514, 515, 517, 518, 519, 521, 522, 523, 524, 525, 526, 527, 529, 530, 531, 532, 533, 534, 535, 536, 537, 538, 539, 540, 541, 542, 543, 544, 545, 546, 547, 548, 550, 551, 559, 560, 562, 563, 564, 565, 566, 567], "excluded_lines": [], "start_line": 1}}}, "cli_cmd_git.py": {"executed_lines": [1, 3, 5, 6, 7, 8, 9, 17, 18, 19, 20, 21, 23, 24, 25, 26, 27, 28, 38, 39, 41, 43, 45, 46, 47, 48, 49, 51, 65, 66, 68, 71, 72, 73, 75, 76, 77, 78, 79, 85, 86, 87, 88, 89, 90, 96, 97, 98, 99, 102, 103, 104, 106, 107, 108, 109, 110, 111, 112, 114, 115, 116, 117, 119, 120, 121, 123, 124, 125, 126, 127, 140, 141, 142, 143, 154, 155, 156, 163, 164, 165, 166, 168, 169, 170, 171, 172, 189, 192, 193, 194, 196, 197, 199, 200, 205, 206, 207, 209, 210, 211, 218, 221, 222, 223, 225], "summary": {"covered_lines": 106, "num_statements": 131, "percent_covered": 80.91603053435115, "percent_covered_display": "81", "missing_lines": 25, "excluded_lines": 0, "percent_statements_covered": 80.91603053435115, "percent_statements_covered_display": "81"}, "missing_lines": [40, 44, 74, 80, 81, 82, 83, 91, 92, 93, 94, 105, 128, 129, 130, 144, 167, 188, 195, 201, 203, 204, 208, 219, 224], "excluded_lines": [], "functions": {"_cmd_status": {"executed_lines": [18, 19, 20, 21, 23, 24, 25, 26, 27, 28, 38, 39, 41, 43, 45, 46, 47, 48, 49, 51, 65, 66, 68], "summary": {"covered_lines": 23, "num_statements": 25, "percent_covered": 92.0, "percent_covered_display": "92", "missing_lines": 2, "excluded_lines": 0, "percent_statements_covered": 92.0, "percent_statements_covered_display": "92"}, "missing_lines": [40, 44], "excluded_lines": [], "start_line": 17}, "_cmd_remotes": {"executed_lines": [72, 73, 75, 76, 77, 78, 79, 85, 86, 87, 88, 89, 90, 96, 97, 98, 99], "summary": {"covered_lines": 17, "num_statements": 26, "percent_covered": 65.38461538461539, "percent_covered_display": "65", "missing_lines": 9, "excluded_lines": 0, "percent_statements_covered": 65.38461538461539, "percent_statements_covered_display": "65"}, "missing_lines": [74, 80, 81, 82, 83, 91, 92, 93, 94], "excluded_lines": [], "start_line": 71}, "_cmd_report": {"executed_lines": [103, 104, 106, 107, 114, 115, 116, 117, 119, 123, 124, 125, 126, 127, 140, 141, 142, 143, 154, 155, 156, 163, 164, 165, 166, 168, 169, 170, 171, 172, 189], "summary": {"covered_lines": 31, "num_statements": 38, "percent_covered": 81.57894736842105, "percent_covered_display": "82", "missing_lines": 7, "excluded_lines": 0, "percent_statements_covered": 81.57894736842105, "percent_statements_covered_display": "82"}, "missing_lines": [105, 128, 129, 130, 144, 167, 188], "excluded_lines": [], "start_line": 102}, "_cmd_report.worker": {"executed_lines": [108, 109, 110, 111, 112], "summary": {"covered_lines": 5, "num_statements": 5, "percent_covered": 100.0, "percent_covered_display": "100", "missing_lines": 0, "excluded_lines": 0, "percent_statements_covered": 100.0, "percent_statements_covered_display": "100"}, "missing_lines": [], "excluded_lines": [], "start_line": 107}, "_cmd_report.md_escape": {"executed_lines": [120, 121], "summary": {"covered_lines": 2, "num_statements": 2, "percent_covered": 100.0, "percent_covered_display": "100", "missing_lines": 0, "excluded_lines": 0, "percent_statements_covered": 100.0, "percent_statements_covered_display": "100"}, "missing_lines": [], "excluded_lines": [], "start_line": 119}, "_cmd_git_bootstrap_ignore": {"executed_lines": [193, 194, 196, 197, 199, 200, 205, 206, 207, 209, 210, 211, 218, 221, 222, 223, 225], "summary": {"covered_lines": 17, "num_statements": 24, "percent_covered": 70.83333333333333, "percent_covered_display": "71", "missing_lines": 7, "excluded_lines": 0, "percent_statements_covered": 70.83333333333333, "percent_statements_covered_display": "71"}, "missing_lines": [195, 201, 203, 204, 208, 219, 224], "excluded_lines": [], "start_line": 192}, "": {"executed_lines": [1, 3, 5, 6, 7, 8, 9, 17, 71, 102, 192], "summary": {"covered_lines": 11, "num_statements": 11, "percent_covered": 100.0, "percent_covered_display": "100", "missing_lines": 0, "excluded_lines": 0, "percent_statements_covered": 100.0, "percent_statements_covered_display": "100"}, "missing_lines": [], "excluded_lines": [], "start_line": 1}}, "classes": {"": {"executed_lines": [1, 3, 5, 6, 7, 8, 9, 17, 18, 19, 20, 21, 23, 24, 25, 26, 27, 28, 38, 39, 41, 43, 45, 46, 47, 48, 49, 51, 65, 66, 68, 71, 72, 73, 75, 76, 77, 78, 79, 85, 86, 87, 88, 89, 90, 96, 97, 98, 99, 102, 103, 104, 106, 107, 108, 109, 110, 111, 112, 114, 115, 116, 117, 119, 120, 121, 123, 124, 125, 126, 127, 140, 141, 142, 143, 154, 155, 156, 163, 164, 165, 166, 168, 169, 170, 171, 172, 189, 192, 193, 194, 196, 197, 199, 200, 205, 206, 207, 209, 210, 211, 218, 221, 222, 223, 225], "summary": {"covered_lines": 106, "num_statements": 131, "percent_covered": 80.91603053435115, "percent_covered_display": "81", "missing_lines": 25, "excluded_lines": 0, "percent_statements_covered": 80.91603053435115, "percent_statements_covered_display": "81"}, "missing_lines": [40, 44, 74, 80, 81, 82, 83, 91, 92, 93, 94, 105, 128, 129, 130, 144, 167, 188, 195, 201, 203, 204, 208, 219, 224], "excluded_lines": [], "start_line": 1}}}, "cli_cmd_hygiene.py": {"executed_lines": [1, 3, 4, 5, 6, 7, 9, 10, 13, 14, 15, 16, 17, 18, 19, 22, 25, 26, 27, 28, 32, 34, 37, 38, 41, 42, 43, 44, 45, 46, 47, 51, 52, 53, 54, 56, 64, 65, 66, 68, 69, 70, 71, 72, 74, 75, 79, 80, 81, 82, 83, 84, 85, 86, 87, 88, 90, 91, 92, 93, 94, 95, 96, 97, 98, 101, 102, 103, 104, 105, 111, 112, 115, 116, 118, 120, 121, 123, 124, 125, 126, 127, 128, 129, 131, 132, 133, 137, 138, 149, 151, 156], "summary": {"covered_lines": 92, "num_statements": 112, "percent_covered": 82.14285714285714, "percent_covered_display": "82", "missing_lines": 20, "excluded_lines": 0, "percent_statements_covered": 82.14285714285714, "percent_statements_covered_display": "82"}, "missing_lines": [29, 30, 33, 35, 39, 48, 73, 76, 77, 106, 107, 108, 113, 117, 130, 134, 135, 150, 153, 154], "excluded_lines": [], "functions": {"_is_safe_target": {"executed_lines": [26, 27, 28, 32, 34, 37, 38, 41, 42, 43, 44, 45, 46, 47], "summary": {"covered_lines": 14, "num_statements": 20, "percent_covered": 70.0, "percent_covered_display": "70", "missing_lines": 6, "excluded_lines": 0, "percent_statements_covered": 70.0, "percent_statements_covered_display": "70"}, "missing_lines": [29, 30, 33, 35, 39, 48], "excluded_lines": [], "start_line": 25}, "_find_actions_for_project": {"executed_lines": [52, 53, 54, 56, 64, 65, 66, 68, 69, 70, 71, 72, 74, 75, 79, 80, 81, 82, 83, 84, 85, 86, 87, 88, 90, 91, 92, 93, 94, 95, 96, 97, 98], "summary": {"covered_lines": 33, "num_statements": 36, "percent_covered": 91.66666666666667, "percent_covered_display": "92", "missing_lines": 3, "excluded_lines": 0, "percent_statements_covered": 91.66666666666667, "percent_statements_covered_display": "92"}, "missing_lines": [73, 76, 77], "excluded_lines": [], "start_line": 51}, "_apply_action": {"executed_lines": [102, 103, 104, 105], "summary": {"covered_lines": 4, "num_statements": 7, "percent_covered": 57.142857142857146, "percent_covered_display": "57", "missing_lines": 3, "excluded_lines": 0, "percent_statements_covered": 57.142857142857146, "percent_statements_covered_display": "57"}, "missing_lines": [106, 107, 108], "excluded_lines": [], "start_line": 101}, "_cmd_hygiene": {"executed_lines": [112, 115, 116, 118, 120, 121, 123, 124, 125, 126, 127, 128, 129, 131, 132, 133, 137, 138, 149, 151, 156], "summary": {"covered_lines": 21, "num_statements": 29, "percent_covered": 72.41379310344827, "percent_covered_display": "72", "missing_lines": 8, "excluded_lines": 0, "percent_statements_covered": 72.41379310344827, "percent_statements_covered_display": "72"}, "missing_lines": [113, 117, 130, 134, 135, 150, 153, 154], "excluded_lines": [], "start_line": 111}, "": {"executed_lines": [1, 3, 4, 5, 6, 7, 9, 10, 13, 14, 15, 16, 17, 18, 19, 22, 25, 51, 101, 111], "summary": {"covered_lines": 20, "num_statements": 20, "percent_covered": 100.0, "percent_covered_display": "100", "missing_lines": 0, "excluded_lines": 0, "percent_statements_covered": 100.0, "percent_statements_covered_display": "100"}, "missing_lines": [], "excluded_lines": [], "start_line": 1}}, "classes": {"HygieneAction": {"executed_lines": [], "summary": {"covered_lines": 0, "num_statements": 0, "percent_covered": 100.0, "percent_covered_display": "100", "missing_lines": 0, "excluded_lines": 0, "percent_statements_covered": 100.0, "percent_statements_covered_display": "100"}, "missing_lines": [], "excluded_lines": [], "start_line": 14}, "": {"executed_lines": [1, 3, 4, 5, 6, 7, 9, 10, 13, 14, 15, 16, 17, 18, 19, 22, 25, 26, 27, 28, 32, 34, 37, 38, 41, 42, 43, 44, 45, 46, 47, 51, 52, 53, 54, 56, 64, 65, 66, 68, 69, 70, 71, 72, 74, 75, 79, 80, 81, 82, 83, 84, 85, 86, 87, 88, 90, 91, 92, 93, 94, 95, 96, 97, 98, 101, 102, 103, 104, 105, 111, 112, 115, 116, 118, 120, 121, 123, 124, 125, 126, 127, 128, 129, 131, 132, 133, 137, 138, 149, 151, 156], "summary": {"covered_lines": 92, "num_statements": 112, "percent_covered": 82.14285714285714, "percent_covered_display": "82", "missing_lines": 20, "excluded_lines": 0, "percent_statements_covered": 82.14285714285714, "percent_statements_covered_display": "82"}, "missing_lines": [29, 30, 33, 35, 39, 48, 73, 76, 77, 106, 107, 108, 113, 117, 130, 134, 135, 150, 153, 154], "excluded_lines": [], "start_line": 1}}}, "cli_cmd_localai.py": {"executed_lines": [1, 3, 4, 5, 6, 8, 9, 10, 11, 12, 15, 16, 17, 18, 19, 20, 23, 24, 25, 27, 28, 29, 34, 35, 37, 38, 39, 40, 41, 42, 43, 44, 45, 46, 47, 48, 52, 53, 54, 67, 68, 69, 70, 72, 73, 74, 75, 76, 77, 78, 79, 80, 82, 83, 92, 93, 94, 95, 96, 97, 98, 99, 103, 104, 105, 115, 125, 126, 127, 128, 129, 130, 132, 133, 135, 137, 138, 139, 140, 143, 144, 145, 146, 147, 149, 150, 152, 153, 154, 157, 158, 159, 160, 161, 162, 163, 164, 167, 168, 169, 171, 172, 173, 174, 175, 176, 187, 197, 212, 213, 214, 215, 216, 217, 226, 227, 228, 231, 232, 233, 234, 235, 236, 240, 241, 242, 243, 244, 245, 246, 258, 259, 260, 261, 262, 263, 264, 265, 269, 270, 271, 272, 284, 285, 286, 287, 288, 289, 291, 299, 301, 302, 303, 304, 305, 308, 309, 310, 313, 314, 315, 316, 317, 318, 319, 320, 322, 323, 325, 327, 330, 331, 332, 333, 334, 335, 336, 337], "summary": {"covered_lines": 178, "num_statements": 210, "percent_covered": 84.76190476190476, "percent_covered_display": "85", "missing_lines": 32, "excluded_lines": 0, "percent_statements_covered": 84.76190476190476, "percent_statements_covered_display": "85"}, "missing_lines": [30, 32, 49, 50, 100, 101, 131, 134, 141, 142, 148, 151, 155, 156, 165, 188, 198, 199, 218, 229, 230, 293, 294, 295, 296, 298, 306, 307, 311, 312, 326, 328], "excluded_lines": [], "functions": {"_cmd_localai_list": {"executed_lines": [16, 17, 18, 19, 20], "summary": {"covered_lines": 5, "num_statements": 5, "percent_covered": 100.0, "percent_covered_display": "100", "missing_lines": 0, "excluded_lines": 0, "percent_statements_covered": 100.0, "percent_statements_covered_display": "100"}, "missing_lines": [], "excluded_lines": [], "start_line": 15}, "_cmd_localai_assistant": {"executed_lines": [24, 25, 27, 28, 29, 34, 35, 37, 38, 39, 40, 41, 42, 43, 44, 45, 46, 47, 48, 52, 53, 54, 67, 68, 69, 70, 72, 73, 74, 75, 76, 77, 78, 79, 80, 82, 83, 92, 93, 94, 95, 96, 97, 98, 99, 103, 104, 105, 115, 125, 126, 127, 128, 129, 130, 132, 133, 135, 137, 138, 139, 140, 143, 144, 145, 146, 147, 149, 150, 152, 153, 154, 157, 158, 159, 160, 161, 162, 163, 164, 167, 168, 169, 171, 172, 173, 174, 175, 176, 187, 197, 212, 213, 214, 215, 216, 217, 226, 227, 228, 231, 232, 233, 234, 235, 236, 240, 241, 242, 243, 244, 245, 246, 258, 259, 260, 261, 262, 263, 264, 265, 269, 270, 271, 272, 284, 285, 286, 287, 288, 289, 291, 299, 301, 302, 303, 304, 305, 308, 309, 310, 313, 314, 315, 316, 317, 318, 319, 320, 322, 323, 325, 327, 330, 331, 332, 333, 334, 335, 336, 337], "summary": {"covered_lines": 161, "num_statements": 193, "percent_covered": 83.41968911917098, "percent_covered_display": "83", "missing_lines": 32, "excluded_lines": 0, "percent_statements_covered": 83.41968911917098, "percent_statements_covered_display": "83"}, "missing_lines": [30, 32, 49, 50, 100, 101, 131, 134, 141, 142, 148, 151, 155, 156, 165, 188, 198, 199, 218, 229, 230, 293, 294, 295, 296, 298, 306, 307, 311, 312, 326, 328], "excluded_lines": [], "start_line": 23}, "": {"executed_lines": [1, 3, 4, 5, 6, 8, 9, 10, 11, 12, 15, 23], "summary": {"covered_lines": 12, "num_statements": 12, "percent_covered": 100.0, "percent_covered_display": "100", "missing_lines": 0, "excluded_lines": 0, "percent_statements_covered": 100.0, "percent_statements_covered_display": "100"}, "missing_lines": [], "excluded_lines": [], "start_line": 1}}, "classes": {"": {"executed_lines": [1, 3, 4, 5, 6, 8, 9, 10, 11, 12, 15, 16, 17, 18, 19, 20, 23, 24, 25, 27, 28, 29, 34, 35, 37, 38, 39, 40, 41, 42, 43, 44, 45, 46, 47, 48, 52, 53, 54, 67, 68, 69, 70, 72, 73, 74, 75, 76, 77, 78, 79, 80, 82, 83, 92, 93, 94, 95, 96, 97, 98, 99, 103, 104, 105, 115, 125, 126, 127, 128, 129, 130, 132, 133, 135, 137, 138, 139, 140, 143, 144, 145, 146, 147, 149, 150, 152, 153, 154, 157, 158, 159, 160, 161, 162, 163, 164, 167, 168, 169, 171, 172, 173, 174, 175, 176, 187, 197, 212, 213, 214, 215, 216, 217, 226, 227, 228, 231, 232, 233, 234, 235, 236, 240, 241, 242, 243, 244, 245, 246, 258, 259, 260, 261, 262, 263, 264, 265, 269, 270, 271, 272, 284, 285, 286, 287, 288, 289, 291, 299, 301, 302, 303, 304, 305, 308, 309, 310, 313, 314, 315, 316, 317, 318, 319, 320, 322, 323, 325, 327, 330, 331, 332, 333, 334, 335, 336, 337], "summary": {"covered_lines": 178, "num_statements": 210, "percent_covered": 84.76190476190476, "percent_covered_display": "85", "missing_lines": 32, "excluded_lines": 0, "percent_statements_covered": 84.76190476190476, "percent_statements_covered_display": "85"}, "missing_lines": [30, 32, 49, 50, 100, 101, 131, 134, 141, 142, 148, 151, 155, 156, 165, 188, 198, 199, 218, 229, 230, 293, 294, 295, 296, 298, 306, 307, 311, 312, 326, 328], "excluded_lines": [], "start_line": 1}}}, "cli_cmd_misc.py": {"executed_lines": [1, 3, 4, 5, 6, 7, 9, 10, 11, 12, 13, 14, 17, 18, 19, 20, 21, 22, 25, 26, 27, 28, 29, 31, 32, 33, 34, 37, 40, 41, 43, 44, 46, 47, 48, 49, 50, 52, 53, 54, 55, 56, 57, 60, 61, 62, 64, 65, 66, 67, 69, 70, 71, 72, 73, 74, 77, 97, 98, 100, 101, 103, 106, 107, 108, 109, 114, 115, 116, 117, 119, 120, 123, 124, 125, 137, 138, 142, 143, 144, 145, 146, 148, 149, 150, 151, 153, 154, 155, 172, 173, 175, 177, 180, 181, 182, 183, 184, 185, 186, 188, 189, 190, 200, 203, 204, 205, 206, 207, 208, 209, 211, 212, 213, 214, 217, 218, 219, 220, 221, 222, 223, 224, 225, 226, 228, 229, 230, 231], "summary": {"covered_lines": 129, "num_statements": 136, "percent_covered": 94.8529411764706, "percent_covered_display": "95", "missing_lines": 7, "excluded_lines": 0, "percent_statements_covered": 94.8529411764706, "percent_statements_covered_display": "95"}, "missing_lines": [36, 59, 75, 110, 111, 121, 139], "excluded_lines": [], "functions": {"_cmd_doctor": {"executed_lines": [18, 19, 20, 21, 22], "summary": {"covered_lines": 5, "num_statements": 5, "percent_covered": 100.0, "percent_covered_display": "100", "missing_lines": 0, "excluded_lines": 0, "percent_statements_covered": 100.0, "percent_statements_covered_display": "100"}, "missing_lines": [], "excluded_lines": [], "start_line": 17}, "_cmd_diagnostics": {"executed_lines": [26, 27, 28, 29, 31, 32, 33, 34, 37], "summary": {"covered_lines": 9, "num_statements": 10, "percent_covered": 90.0, "percent_covered_display": "90", "missing_lines": 1, "excluded_lines": 0, "percent_statements_covered": 90.0, "percent_statements_covered_display": "90"}, "missing_lines": [36], "excluded_lines": [], "start_line": 25}, "_cmd_preflight": {"executed_lines": [41, 43, 44, 46, 47, 48, 49, 50, 52, 53, 54, 55, 56, 57, 60, 61, 62, 64, 65, 66, 67, 69, 70, 71, 72, 73, 74, 77, 97, 98, 100, 101, 103], "summary": {"covered_lines": 33, "num_statements": 35, "percent_covered": 94.28571428571429, "percent_covered_display": "94", "missing_lines": 2, "excluded_lines": 0, "percent_statements_covered": 94.28571428571429, "percent_statements_covered_display": "94"}, "missing_lines": [59, 75], "excluded_lines": [], "start_line": 40}, "_cmd_exec": {"executed_lines": [107, 108, 109], "summary": {"covered_lines": 3, "num_statements": 5, "percent_covered": 60.0, "percent_covered_display": "60", "missing_lines": 2, "excluded_lines": 0, "percent_statements_covered": 60.0, "percent_statements_covered_display": "60"}, "missing_lines": [110, 111], "excluded_lines": [], "start_line": 106}, "_resolve_rg_exe": {"executed_lines": [115, 116, 117, 119, 120, 123, 124, 125, 137, 138], "summary": {"covered_lines": 10, "num_statements": 12, "percent_covered": 83.33333333333333, "percent_covered_display": "83", "missing_lines": 2, "excluded_lines": 0, "percent_statements_covered": 83.33333333333333, "percent_statements_covered_display": "83"}, "missing_lines": [121, 139], "excluded_lines": [], "start_line": 114}, "_cmd_rg": {"executed_lines": [143, 144, 145, 146, 148, 149, 150, 151, 153, 154, 155, 172, 173, 175, 177], "summary": {"covered_lines": 15, "num_statements": 15, "percent_covered": 100.0, "percent_covered_display": "100", "missing_lines": 0, "excluded_lines": 0, "percent_statements_covered": 100.0, "percent_statements_covered_display": "100"}, "missing_lines": [], "excluded_lines": [], "start_line": 142}, "_cmd_registry_list": {"executed_lines": [181, 182, 183, 184, 185, 186, 188, 189, 190, 200], "summary": {"covered_lines": 10, "num_statements": 10, "percent_covered": 100.0, "percent_covered_display": "100", "missing_lines": 0, "excluded_lines": 0, "percent_statements_covered": 100.0, "percent_statements_covered_display": "100"}, "missing_lines": [], "excluded_lines": [], "start_line": 180}, "_cmd_chains_list": {"executed_lines": [204, 205, 206, 207, 208, 209, 211, 212, 213, 214], "summary": {"covered_lines": 10, "num_statements": 10, "percent_covered": 100.0, "percent_covered_display": "100", "missing_lines": 0, "excluded_lines": 0, "percent_statements_covered": 100.0, "percent_statements_covered_display": "100"}, "missing_lines": [], "excluded_lines": [], "start_line": 203}, "_cmd_chains_plan": {"executed_lines": [218, 219, 220, 221, 222, 223, 224, 225, 226, 228, 229, 230, 231], "summary": {"covered_lines": 13, "num_statements": 13, "percent_covered": 100.0, "percent_covered_display": "100", "missing_lines": 0, "excluded_lines": 0, "percent_statements_covered": 100.0, "percent_statements_covered_display": "100"}, "missing_lines": [], "excluded_lines": [], "start_line": 217}, "": {"executed_lines": [1, 3, 4, 5, 6, 7, 9, 10, 11, 12, 13, 14, 17, 25, 40, 106, 114, 142, 180, 203, 217], "summary": {"covered_lines": 21, "num_statements": 21, "percent_covered": 100.0, "percent_covered_display": "100", "missing_lines": 0, "excluded_lines": 0, "percent_statements_covered": 100.0, "percent_statements_covered_display": "100"}, "missing_lines": [], "excluded_lines": [], "start_line": 1}}, "classes": {"": {"executed_lines": [1, 3, 4, 5, 6, 7, 9, 10, 11, 12, 13, 14, 17, 18, 19, 20, 21, 22, 25, 26, 27, 28, 29, 31, 32, 33, 34, 37, 40, 41, 43, 44, 46, 47, 48, 49, 50, 52, 53, 54, 55, 56, 57, 60, 61, 62, 64, 65, 66, 67, 69, 70, 71, 72, 73, 74, 77, 97, 98, 100, 101, 103, 106, 107, 108, 109, 114, 115, 116, 117, 119, 120, 123, 124, 125, 137, 138, 142, 143, 144, 145, 146, 148, 149, 150, 151, 153, 154, 155, 172, 173, 175, 177, 180, 181, 182, 183, 184, 185, 186, 188, 189, 190, 200, 203, 204, 205, 206, 207, 208, 209, 211, 212, 213, 214, 217, 218, 219, 220, 221, 222, 223, 224, 225, 226, 228, 229, 230, 231], "summary": {"covered_lines": 129, "num_statements": 136, "percent_covered": 94.8529411764706, "percent_covered_display": "95", "missing_lines": 7, "excluded_lines": 0, "percent_statements_covered": 94.8529411764706, "percent_statements_covered_display": "95"}, "missing_lines": [36, 59, 75, 110, 111, 121, 139], "excluded_lines": [], "start_line": 1}}}, "cli_cmd_obsidian.py": {"executed_lines": [1, 3, 4, 5, 6, 7, 8, 9, 10, 11, 13, 14, 17, 28, 29, 30, 32, 33, 34, 35, 36, 38, 39, 40, 41, 42, 43, 44, 46, 47, 48, 49, 50, 51, 52, 54, 55, 57, 58, 59, 60, 61, 63, 64, 65, 66, 67, 68, 69, 71, 72, 73, 74, 75, 76, 77, 80, 81, 84, 85, 86, 87, 88, 89, 90, 92, 95, 96, 99, 100, 103, 104, 105, 106, 107, 110, 111, 112, 114, 115, 116, 117, 119, 127, 128, 130, 131, 132, 133, 134, 135, 138, 139, 140, 141, 142, 143, 144, 145, 146, 147, 148, 149, 150, 154, 155, 156, 157, 158, 159, 160, 161, 163, 164, 165, 166, 167, 168, 169, 170, 171, 172, 173, 175, 176, 177, 178, 179, 180, 181, 182, 185, 186, 187, 188, 189, 190, 191, 192, 193, 194, 195, 196, 197, 201, 202, 203, 204, 205, 207, 208, 209, 210, 211, 212, 213, 214, 216, 217, 218, 219, 220, 221, 222, 225, 226, 229, 230, 231, 232, 233, 235, 237, 240, 241, 242, 243, 244, 245, 246, 247, 248, 251, 252, 253, 254, 256, 257, 260, 261, 262, 263, 264, 265, 266, 267, 269, 270, 271, 274, 275, 276, 277, 278, 281, 282, 283, 284, 285, 286, 287, 289, 290, 291, 292, 295, 296, 297, 298, 299, 300, 303, 304, 305, 308, 309, 310, 311, 312, 313, 314, 319, 321, 322, 323, 324, 326, 327, 328, 329, 330, 333, 334, 335, 336, 337, 338, 339, 340, 341, 342, 346, 347, 348, 349, 351, 352, 353, 354, 356, 357, 359, 360, 361, 362, 363, 364, 365, 366, 367, 368, 369, 370, 371, 372, 373, 374, 375, 377, 378, 384, 385, 386, 391, 394, 395, 402, 403, 404, 405, 406, 409, 411, 412, 413, 414, 415, 416, 417, 418, 420, 421, 422, 423, 424, 425, 426, 429, 430, 431, 432, 434], "summary": {"covered_lines": 312, "num_statements": 342, "percent_covered": 91.2280701754386, "percent_covered_display": "91", "missing_lines": 30, "excluded_lines": 0, "percent_statements_covered": 91.2280701754386, "percent_statements_covered_display": "91"}, "missing_lines": [91, 151, 198, 206, 234, 236, 255, 258, 259, 268, 288, 293, 294, 301, 302, 343, 344, 345, 355, 358, 379, 380, 381, 382, 388, 389, 390, 408, 427, 433], "excluded_lines": [], "functions": {"add_obsidian_parsers": {"executed_lines": [29, 30, 32, 33, 34, 35, 36, 38, 39, 40, 41, 42, 43, 44, 46, 47, 48, 49, 50, 51, 52, 54, 55, 57, 58, 59, 60, 61, 63, 64, 65, 66, 67, 68, 69, 71, 72, 73, 74, 75, 76, 77], "summary": {"covered_lines": 42, "num_statements": 42, "percent_covered": 100.0, "percent_covered_display": "100", "missing_lines": 0, "excluded_lines": 0, "percent_statements_covered": 100.0, "percent_statements_covered_display": "100"}, "missing_lines": [], "excluded_lines": [], "start_line": 28}, "_timestamp": {"executed_lines": [81], "summary": {"covered_lines": 1, "num_statements": 1, "percent_covered": 100.0, "percent_covered_display": "100", "missing_lines": 0, "excluded_lines": 0, "percent_statements_covered": 100.0, "percent_statements_covered_display": "100"}, "missing_lines": [], "excluded_lines": [], "start_line": 80}, "_vault_markers": {"executed_lines": [85, 86, 87, 88, 89, 90, 92], "summary": {"covered_lines": 7, "num_statements": 8, "percent_covered": 87.5, "percent_covered_display": "88", "missing_lines": 1, "excluded_lines": 0, "percent_statements_covered": 87.5, "percent_statements_covered_display": "88"}, "missing_lines": [91], "excluded_lines": [], "start_line": 84}, "_obsidian_kv": {"executed_lines": [96], "summary": {"covered_lines": 1, "num_statements": 1, "percent_covered": 100.0, "percent_covered_display": "100", "missing_lines": 0, "excluded_lines": 0, "percent_statements_covered": 100.0, "percent_statements_covered_display": "100"}, "missing_lines": [], "excluded_lines": [], "start_line": 95}, "_run_obsidian": {"executed_lines": [100], "summary": {"covered_lines": 1, "num_statements": 1, "percent_covered": 100.0, "percent_covered_display": "100", "missing_lines": 0, "excluded_lines": 0, "percent_statements_covered": 100.0, "percent_statements_covered_display": "100"}, "missing_lines": [], "excluded_lines": [], "start_line": 99}, "_safe_json_loads": {"executed_lines": [104, 105, 106, 107], "summary": {"covered_lines": 4, "num_statements": 4, "percent_covered": 100.0, "percent_covered_display": "100", "missing_lines": 0, "excluded_lines": 0, "percent_statements_covered": 100.0, "percent_statements_covered_display": "100"}, "missing_lines": [], "excluded_lines": [], "start_line": 103}, "_cmd_obsidian_doctor": {"executed_lines": [111, 112, 114, 115, 116, 117, 119, 127, 128, 130, 131, 132, 133, 134, 135], "summary": {"covered_lines": 15, "num_statements": 15, "percent_covered": 100.0, "percent_covered_display": "100", "missing_lines": 0, "excluded_lines": 0, "percent_statements_covered": 100.0, "percent_statements_covered_display": "100"}, "missing_lines": [], "excluded_lines": [], "start_line": 110}, "_normalize_search_results": {"executed_lines": [139, 140, 141, 142, 143, 144, 145, 146, 147, 148, 149, 150], "summary": {"covered_lines": 12, "num_statements": 13, "percent_covered": 92.3076923076923, "percent_covered_display": "92", "missing_lines": 1, "excluded_lines": 0, "percent_statements_covered": 92.3076923076923, "percent_statements_covered_display": "92"}, "missing_lines": [151], "excluded_lines": [], "start_line": 138}, "_cmd_obsidian_search": {"executed_lines": [155, 156, 157, 158, 159, 160, 161, 163, 164, 165, 166, 167, 168, 169, 170, 171, 172, 173, 175, 176, 177, 178, 179, 180, 181, 182], "summary": {"covered_lines": 26, "num_statements": 26, "percent_covered": 100.0, "percent_covered_display": "100", "missing_lines": 0, "excluded_lines": 0, "percent_statements_covered": 100.0, "percent_statements_covered_display": "100"}, "missing_lines": [], "excluded_lines": [], "start_line": 154}, "_normalize_tag_counts": {"executed_lines": [186, 187, 188, 189, 190, 191, 192, 193, 194, 195, 196, 197], "summary": {"covered_lines": 12, "num_statements": 13, "percent_covered": 92.3076923076923, "percent_covered_display": "92", "missing_lines": 1, "excluded_lines": 0, "percent_statements_covered": 92.3076923076923, "percent_statements_covered_display": "92"}, "missing_lines": [198], "excluded_lines": [], "start_line": 185}, "_cmd_obsidian_tags_counts": {"executed_lines": [202, 203, 204, 205, 207, 208, 209, 210, 211, 212, 213, 214, 216, 217, 218, 219, 220, 221, 222], "summary": {"covered_lines": 19, "num_statements": 20, "percent_covered": 95.0, "percent_covered_display": "95", "missing_lines": 1, "excluded_lines": 0, "percent_statements_covered": 95.0, "percent_statements_covered_display": "95"}, "missing_lines": [206], "excluded_lines": [], "start_line": 201}, "_normalize_wikilink_target": {"executed_lines": [230, 231, 232, 233, 235, 237], "summary": {"covered_lines": 6, "num_statements": 8, "percent_covered": 75.0, "percent_covered_display": "75", "missing_lines": 2, "excluded_lines": 0, "percent_statements_covered": 75.0, "percent_statements_covered_display": "75"}, "missing_lines": [234, 236], "excluded_lines": [], "start_line": 229}, "_normalize_md_target": {"executed_lines": [241, 242, 243, 244, 245, 246, 247, 248], "summary": {"covered_lines": 8, "num_statements": 8, "percent_covered": 100.0, "percent_covered_display": "100", "missing_lines": 0, "excluded_lines": 0, "percent_statements_covered": 100.0, "percent_statements_covered_display": "100"}, "missing_lines": [], "excluded_lines": [], "start_line": 240}, "_referenced_targets": {"executed_lines": [252, 253, 254, 256, 257, 260, 261, 262, 263, 264, 265, 266, 267, 269, 270, 271], "summary": {"covered_lines": 16, "num_statements": 20, "percent_covered": 80.0, "percent_covered_display": "80", "missing_lines": 4, "excluded_lines": 0, "percent_statements_covered": 80.0, "percent_statements_covered_display": "80"}, "missing_lines": [255, 258, 259, 268], "excluded_lines": [], "start_line": 251}, "_attachments_report": {"executed_lines": [282, 283, 284, 285, 286, 287, 289, 290, 291, 292, 295, 296, 297, 298, 299, 300, 303, 304, 305], "summary": {"covered_lines": 19, "num_statements": 24, "percent_covered": 79.16666666666667, "percent_covered_display": "79", "missing_lines": 5, "excluded_lines": 0, "percent_statements_covered": 79.16666666666667, "percent_statements_covered_display": "79"}, "missing_lines": [288, 293, 294, 301, 302], "excluded_lines": [], "start_line": 281}, "_cmd_obsidian_attachments_report": {"executed_lines": [309, 310, 311, 312, 313, 314, 319, 321, 322, 323, 324, 326, 327, 328, 329, 330], "summary": {"covered_lines": 16, "num_statements": 16, "percent_covered": 100.0, "percent_covered_display": "100", "missing_lines": 0, "excluded_lines": 0, "percent_statements_covered": 100.0, "percent_statements_covered_display": "100"}, "missing_lines": [], "excluded_lines": [], "start_line": 308}, "_cmd_obsidian_attachments_delete": {"executed_lines": [334, 335, 336, 337, 338, 339, 340, 341, 342, 346, 347, 348, 349, 351, 352, 353, 354, 356, 357, 359, 360, 361, 362, 363, 364, 365, 366, 367, 368, 369, 370, 371, 372, 373, 374, 375, 377, 378, 384, 385, 386, 391], "summary": {"covered_lines": 42, "num_statements": 54, "percent_covered": 77.77777777777777, "percent_covered_display": "78", "missing_lines": 12, "excluded_lines": 0, "percent_statements_covered": 77.77777777777777, "percent_statements_covered_display": "78"}, "missing_lines": [343, 344, 345, 355, 358, 379, 380, 381, 382, 388, 389, 390], "excluded_lines": [], "start_line": 333}, "_eval_profiles": {"executed_lines": [395], "summary": {"covered_lines": 1, "num_statements": 1, "percent_covered": 100.0, "percent_covered_display": "100", "missing_lines": 0, "excluded_lines": 0, "percent_statements_covered": 100.0, "percent_statements_covered_display": "100"}, "missing_lines": [], "excluded_lines": [], "start_line": 394}, "_cmd_obsidian_eval": {"executed_lines": [403, 404, 405, 406, 409, 411, 412, 413, 414, 415, 416, 417, 418, 420, 421, 422, 423, 424, 425, 426, 429, 430, 431, 432, 434], "summary": {"covered_lines": 25, "num_statements": 28, "percent_covered": 89.28571428571429, "percent_covered_display": "89", "missing_lines": 3, "excluded_lines": 0, "percent_statements_covered": 89.28571428571429, "percent_statements_covered_display": "89"}, "missing_lines": [408, 427, 433], "excluded_lines": [], "start_line": 402}, "": {"executed_lines": [1, 3, 4, 5, 6, 7, 8, 9, 10, 11, 13, 14, 17, 28, 80, 84, 95, 99, 103, 110, 138, 154, 185, 201, 225, 226, 229, 240, 251, 274, 275, 276, 277, 278, 281, 308, 333, 394, 402], "summary": {"covered_lines": 39, "num_statements": 39, "percent_covered": 100.0, "percent_covered_display": "100", "missing_lines": 0, "excluded_lines": 0, "percent_statements_covered": 100.0, "percent_statements_covered_display": "100"}, "missing_lines": [], "excluded_lines": [], "start_line": 1}}, "classes": {"AttachmentCandidate": {"executed_lines": [], "summary": {"covered_lines": 0, "num_statements": 0, "percent_covered": 100.0, "percent_covered_display": "100", "missing_lines": 0, "excluded_lines": 0, "percent_statements_covered": 100.0, "percent_statements_covered_display": "100"}, "missing_lines": [], "excluded_lines": [], "start_line": 275}, "": {"executed_lines": [1, 3, 4, 5, 6, 7, 8, 9, 10, 11, 13, 14, 17, 28, 29, 30, 32, 33, 34, 35, 36, 38, 39, 40, 41, 42, 43, 44, 46, 47, 48, 49, 50, 51, 52, 54, 55, 57, 58, 59, 60, 61, 63, 64, 65, 66, 67, 68, 69, 71, 72, 73, 74, 75, 76, 77, 80, 81, 84, 85, 86, 87, 88, 89, 90, 92, 95, 96, 99, 100, 103, 104, 105, 106, 107, 110, 111, 112, 114, 115, 116, 117, 119, 127, 128, 130, 131, 132, 133, 134, 135, 138, 139, 140, 141, 142, 143, 144, 145, 146, 147, 148, 149, 150, 154, 155, 156, 157, 158, 159, 160, 161, 163, 164, 165, 166, 167, 168, 169, 170, 171, 172, 173, 175, 176, 177, 178, 179, 180, 181, 182, 185, 186, 187, 188, 189, 190, 191, 192, 193, 194, 195, 196, 197, 201, 202, 203, 204, 205, 207, 208, 209, 210, 211, 212, 213, 214, 216, 217, 218, 219, 220, 221, 222, 225, 226, 229, 230, 231, 232, 233, 235, 237, 240, 241, 242, 243, 244, 245, 246, 247, 248, 251, 252, 253, 254, 256, 257, 260, 261, 262, 263, 264, 265, 266, 267, 269, 270, 271, 274, 275, 276, 277, 278, 281, 282, 283, 284, 285, 286, 287, 289, 290, 291, 292, 295, 296, 297, 298, 299, 300, 303, 304, 305, 308, 309, 310, 311, 312, 313, 314, 319, 321, 322, 323, 324, 326, 327, 328, 329, 330, 333, 334, 335, 336, 337, 338, 339, 340, 341, 342, 346, 347, 348, 349, 351, 352, 353, 354, 356, 357, 359, 360, 361, 362, 363, 364, 365, 366, 367, 368, 369, 370, 371, 372, 373, 374, 375, 377, 378, 384, 385, 386, 391, 394, 395, 402, 403, 404, 405, 406, 409, 411, 412, 413, 414, 415, 416, 417, 418, 420, 421, 422, 423, 424, 425, 426, 429, 430, 431, 432, 434], "summary": {"covered_lines": 312, "num_statements": 342, "percent_covered": 91.2280701754386, "percent_covered_display": "91", "missing_lines": 30, "excluded_lines": 0, "percent_statements_covered": 91.2280701754386, "percent_statements_covered_display": "91"}, "missing_lines": [91, 151, 198, 206, 234, 236, 255, 258, 259, 268, 288, 293, 294, 301, 302, 343, 344, 345, 355, 358, 379, 380, 381, 382, 388, 389, 390, 408, 427, 433], "excluded_lines": [], "start_line": 1}}}, "cli_cmd_projects.py": {"executed_lines": [1, 3, 4, 6, 7, 8, 11, 12, 13, 16, 17, 18, 19, 20, 21, 22, 23, 25, 26, 29, 30, 31, 33, 34, 35, 36, 37, 38, 41], "summary": {"covered_lines": 29, "num_statements": 31, "percent_covered": 93.54838709677419, "percent_covered_display": "94", "missing_lines": 2, "excluded_lines": 0, "percent_statements_covered": 93.54838709677419, "percent_statements_covered_display": "94"}, "missing_lines": [32, 40], "excluded_lines": [], "functions": {"_print_project_list": {"executed_lines": [12, 13], "summary": {"covered_lines": 2, "num_statements": 2, "percent_covered": 100.0, "percent_covered_display": "100", "missing_lines": 0, "excluded_lines": 0, "percent_statements_covered": 100.0, "percent_statements_covered_display": "100"}, "missing_lines": [], "excluded_lines": [], "start_line": 11}, "_cmd_projects_list": {"executed_lines": [17, 18, 19, 20, 21, 22, 23, 25, 26], "summary": {"covered_lines": 9, "num_statements": 9, "percent_covered": 100.0, "percent_covered_display": "100", "missing_lines": 0, "excluded_lines": 0, "percent_statements_covered": 100.0, "percent_statements_covered_display": "100"}, "missing_lines": [], "excluded_lines": [], "start_line": 16}, "_cmd_projects_info": {"executed_lines": [30, 31, 33, 34, 35, 36, 37, 38, 41], "summary": {"covered_lines": 9, "num_statements": 11, "percent_covered": 81.81818181818181, "percent_covered_display": "82", "missing_lines": 2, "excluded_lines": 0, "percent_statements_covered": 81.81818181818181, "percent_statements_covered_display": "82"}, "missing_lines": [32, 40], "excluded_lines": [], "start_line": 29}, "": {"executed_lines": [1, 3, 4, 6, 7, 8, 11, 16, 29], "summary": {"covered_lines": 9, "num_statements": 9, "percent_covered": 100.0, "percent_covered_display": "100", "missing_lines": 0, "excluded_lines": 0, "percent_statements_covered": 100.0, "percent_statements_covered_display": "100"}, "missing_lines": [], "excluded_lines": [], "start_line": 1}}, "classes": {"": {"executed_lines": [1, 3, 4, 6, 7, 8, 11, 12, 13, 16, 17, 18, 19, 20, 21, 22, 23, 25, 26, 29, 30, 31, 33, 34, 35, 36, 37, 38, 41], "summary": {"covered_lines": 29, "num_statements": 31, "percent_covered": 93.54838709677419, "percent_covered_display": "94", "missing_lines": 2, "excluded_lines": 0, "percent_statements_covered": 93.54838709677419, "percent_statements_covered_display": "94"}, "missing_lines": [32, 40], "excluded_lines": [], "start_line": 1}}}, "cli_cmd_run.py": {"executed_lines": [1, 3, 4, 5, 7, 8, 9, 10, 11, 14, 15, 16, 17, 18, 20, 21, 23, 24, 27, 28, 29, 31, 32, 33, 35, 36, 38, 39, 41, 42, 45, 46, 47, 48, 49, 62, 64, 65, 67, 68, 71, 72, 81, 82, 83, 84, 86, 87, 89, 90, 91, 92, 93, 94, 95, 101, 102, 103, 104, 105, 107], "summary": {"covered_lines": 61, "num_statements": 70, "percent_covered": 87.14285714285714, "percent_covered_display": "87", "missing_lines": 9, "excluded_lines": 0, "percent_statements_covered": 87.14285714285714, "percent_statements_covered_display": "87"}, "missing_lines": [19, 22, 43, 66, 69, 96, 97, 98, 99], "excluded_lines": [], "functions": {"_preflight_dirty_projects": {"executed_lines": [15, 16, 17, 18, 20, 21, 23, 24], "summary": {"covered_lines": 8, "num_statements": 10, "percent_covered": 80.0, "percent_covered_display": "80", "missing_lines": 2, "excluded_lines": 0, "percent_statements_covered": 80.0, "percent_statements_covered_display": "80"}, "missing_lines": [19, 22], "excluded_lines": [], "start_line": 14}, "_cmd_run": {"executed_lines": [28, 29, 31, 32, 33, 35, 36, 38, 39, 41, 42, 45, 46, 47, 48, 49, 62, 64, 65, 67, 68, 71, 72, 81, 82, 83, 84, 86, 87, 89, 90, 91, 92, 93, 94, 95, 101, 102, 103, 104, 105, 107], "summary": {"covered_lines": 42, "num_statements": 49, "percent_covered": 85.71428571428571, "percent_covered_display": "86", "missing_lines": 7, "excluded_lines": 0, "percent_statements_covered": 85.71428571428571, "percent_statements_covered_display": "86"}, "missing_lines": [43, 66, 69, 96, 97, 98, 99], "excluded_lines": [], "start_line": 27}, "": {"executed_lines": [1, 3, 4, 5, 7, 8, 9, 10, 11, 14, 27], "summary": {"covered_lines": 11, "num_statements": 11, "percent_covered": 100.0, "percent_covered_display": "100", "missing_lines": 0, "excluded_lines": 0, "percent_statements_covered": 100.0, "percent_statements_covered_display": "100"}, "missing_lines": [], "excluded_lines": [], "start_line": 1}}, "classes": {"": {"executed_lines": [1, 3, 4, 5, 7, 8, 9, 10, 11, 14, 15, 16, 17, 18, 20, 21, 23, 24, 27, 28, 29, 31, 32, 33, 35, 36, 38, 39, 41, 42, 45, 46, 47, 48, 49, 62, 64, 65, 67, 68, 71, 72, 81, 82, 83, 84, 86, 87, 89, 90, 91, 92, 93, 94, 95, 101, 102, 103, 104, 105, 107], "summary": {"covered_lines": 61, "num_statements": 70, "percent_covered": 87.14285714285714, "percent_covered_display": "87", "missing_lines": 9, "excluded_lines": 0, "percent_statements_covered": 87.14285714285714, "percent_statements_covered_display": "87"}, "missing_lines": [19, 22, 43, 66, 69, 96, 97, 98, 99], "excluded_lines": [], "start_line": 1}}}, "cli_env.py": {"executed_lines": [1, 3, 4, 5, 6, 7, 9, 10, 13, 17, 18, 19, 20, 30, 31, 32, 34, 37, 38, 39, 40, 50, 51, 52, 53, 57, 60, 61, 62, 67, 70, 71, 72, 73, 74, 75, 78, 79, 82, 83, 84, 85, 88, 89, 92, 93, 94, 95, 98, 99, 100, 101, 104, 105, 106, 109, 110, 111, 113, 114, 115, 116, 117, 118, 121, 130, 132, 133, 135, 136, 137, 139, 140, 141, 142, 149, 151, 153, 156, 157, 158, 159, 160, 161, 162, 163, 164], "summary": {"covered_lines": 87, "num_statements": 132, "percent_covered": 65.909
[...]
percent_statements_covered_display": "100"}, "missing_lines": [], "excluded_lines": [], "start_line": 16}, "": {"executed_lines": [1, 3, 4, 5, 6, 7, 8, 9, 10, 11, 12, 15, 16, 17, 18, 19, 20, 21, 22, 25, 26, 27, 28, 29, 32, 33, 34, 37, 38, 49, 52, 61, 62, 63, 64, 66, 67, 73, 77, 78, 80, 81, 83, 84, 85, 87, 88, 89, 90, 92, 93, 95, 96, 97, 98, 109, 110, 113, 114, 115, 116, 117, 118, 119, 132, 139, 140, 141, 142, 143, 144, 145, 156, 159, 160, 161, 162, 163, 164, 165, 166, 167, 168, 169, 170, 172, 173, 175, 183, 184, 185, 191, 194, 195, 196, 197, 198, 200, 201, 202, 204, 205, 208], "summary": {"covered_lines": 103, "num_statements": 104, "percent_covered": 99.03846153846153, "percent_covered_display": "99", "missing_lines": 1, "excluded_lines": 0, "percent_statements_covered": 99.03846153846153, "percent_statements_covered_display": "99"}, "missing_lines": [209], "excluded_lines": [], "start_line": 1}}}, "utils.py": {"executed_lines": [1, 3, 4, 5, 6, 7, 8, 9, 12, 13, 16, 17, 20, 21, 24, 27, 28, 29, 30, 33, 34, 35, 36, 37, 40, 41, 42, 43, 44, 47, 48, 49, 50, 51, 53, 54, 57, 58, 59, 60, 61, 64, 69, 70, 71, 72, 73, 74, 75, 76, 77, 78, 80, 81, 82, 83, 84, 87, 88, 89, 90, 91, 92, 93, 94, 95, 96, 99, 100, 101, 102, 103, 104, 110, 111, 112, 113, 114, 117, 118, 119, 120, 121, 122, 123, 126, 127, 128, 129, 130, 133, 134, 135, 136, 137, 138, 139, 140, 143, 144, 145, 146, 147, 150, 151, 152, 153, 154, 155, 156, 157, 158, 159, 160, 163, 164, 165, 166, 167, 168, 169, 172, 173, 174, 175, 176, 177, 178, 179, 180, 181, 182, 185, 186, 187, 188, 189, 190, 191], "summary": {"covered_lines": 139, "num_statements": 142, "percent_covered": 97.88732394366197, "percent_covered_display": "98", "missing_lines": 3, "excluded_lines": 0, "percent_statements_covered": 97.88732394366197, "percent_statements_covered_display": "98"}, "missing_lines": [52, 141, 142], "excluded_lines": [], "functions": {"_print_json": {"executed_lines": [13], "summary": {"covered_lines": 1, "num_statements": 1, "percent_covered": 100.0, "percent_covered_display": "100", "missing_lines": 0, "excluded_lines": 0, "percent_statements_covered": 100.0, "percent_statements_covered_display": "100"}, "missing_lines": [], "excluded_lines": [], "start_line": 12}, "_print_tab": {"executed_lines": [17], "summary": {"covered_lines": 1, "num_statements": 1, "percent_covered": 100.0, "percent_covered_display": "100", "missing_lines": 0, "excluded_lines": 0, "percent_statements_covered": 100.0, "percent_statements_covered_display": "100"}, "missing_lines": [], "excluded_lines": [], "start_line": 16}, "_print_kv": {"executed_lines": [21], "summary": {"covered_lines": 1, "num_statements": 1, "percent_covered": 100.0, "percent_covered_display": "100", "missing_lines": 0, "excluded_lines": 0, "percent_statements_covered": 100.0, "percent_statements_covered_display": "100"}, "missing_lines": [], "excluded_lines": [], "start_line": 20}, "_apply_limit": {"executed_lines": [28, 29, 30], "summary": {"covered_lines": 3, "num_statements": 3, "percent_covered": 100.0, "percent_covered_display": "100", "missing_lines": 0, "excluded_lines": 0, "percent_statements_covered": 100.0, "percent_statements_covered_display": "100"}, "missing_lines": [], "excluded_lines": [], "start_line": 27}, "_ensure_dir_exists": {"executed_lines": [34, 35, 36, 37], "summary": {"covered_lines": 4, "num_statements": 4, "percent_covered": 100.0, "percent_covered_display": "100", "missing_lines": 0, "excluded_lines": 0, "percent_statements_covered": 100.0, "percent_statements_covered_display": "100"}, "missing_lines": [], "excluded_lines": [], "start_line": 33}, "_ensure_file_exists": {"executed_lines": [41, 42, 43, 44], "summary": {"covered_lines": 4, "num_statements": 4, "percent_covered": 100.0, "percent_covered_display": "100", "missing_lines": 0, "excluded_lines": 0, "percent_statements_covered": 100.0, "percent_statements_covered_display": "100"}, "missing_lines": [], "excluded_lines": [], "start_line": 40}, "_load_global_gitignore": {"executed_lines": [48, 49, 50, 51, 53, 54], "summary": {"covered_lines": 6, "num_statements": 7, "percent_covered": 85.71428571428571, "percent_covered_display": "86", "missing_lines": 1, "excluded_lines": 0, "percent_statements_covered": 85.71428571428571, "percent_statements_covered_display": "86"}, "missing_lines": [52], "excluded_lines": [], "start_line": 47}, "_read_gitignore_lines": {"executed_lines": [58, 59, 60, 61], "summary": {"covered_lines": 4, "num_statements": 4, "percent_covered": 100.0, "percent_covered_display": "100", "missing_lines": 0, "excluded_lines": 0, "percent_statements_covered": 100.0, "percent_statements_covered_display": "100"}, "missing_lines": [], "excluded_lines": [], "start_line": 57}, "_apply_gitignore_lines": {"executed_lines": [69, 70, 71, 72, 73, 74, 75, 76, 77, 78, 80, 81, 82, 83, 84], "summary": {"covered_lines": 15, "num_statements": 15, "percent_covered": 100.0, "percent_covered_display": "100", "missing_lines": 0, "excluded_lines": 0, "percent_statements_covered": 100.0, "percent_statements_covered_display": "100"}, "missing_lines": [], "excluded_lines": [], "start_line": 64}, "_run_command": {"executed_lines": [88, 89, 90, 91, 92, 93, 94, 95, 96], "summary": {"covered_lines": 9, "num_statements": 9, "percent_covered": 100.0, "percent_covered_display": "100", "missing_lines": 0, "excluded_lines": 0, "percent_statements_covered": 100.0, "percent_statements_covered_display": "100"}, "missing_lines": [], "excluded_lines": [], "start_line": 87}, "_run_capture": {"executed_lines": [100, 101, 102, 103, 104, 110, 111, 112, 113, 114], "summary": {"covered_lines": 10, "num_statements": 10, "percent_covered": 100.0, "percent_covered_display": "100", "missing_lines": 0, "excluded_lines": 0, "percent_statements_covered": 100.0, "percent_statements_covered_display": "100"}, "missing_lines": [], "excluded_lines": [], "start_line": 99}, "_write_stream": {"executed_lines": [118, 119, 120, 121, 122, 123], "summary": {"covered_lines": 6, "num_statements": 6, "percent_covered": 100.0, "percent_covered_display": "100", "missing_lines": 0, "excluded_lines": 0, "percent_statements_covered": 100.0, "percent_statements_covered_display": "100"}, "missing_lines": [], "excluded_lines": [], "start_line": 117}, "_read_text": {"executed_lines": [127, 128, 129, 130], "summary": {"covered_lines": 4, "num_statements": 4, "percent_covered": 100.0, "percent_covered_display": "100", "missing_lines": 0, "excluded_lines": 0, "percent_statements_covered": 100.0, "percent_statements_covered_display": "100"}, "missing_lines": [], "excluded_lines": [], "start_line": 126}, "_write_text_atomic": {"executed_lines": [134, 135, 136, 137, 138, 139, 140, 143, 144, 145, 146, 147], "summary": {"covered_lines": 12, "num_statements": 14, "percent_covered": 85.71428571428571, "percent_covered_display": "86", "missing_lines": 2, "excluded_lines": 0, "percent_statements_covered": 85.71428571428571, "percent_statements_covered_display": "86"}, "missing_lines": [141, 142], "excluded_lines": [], "start_line": 133}, "_read_json_object": {"executed_lines": [151, 152, 153, 154, 155, 156, 157, 158, 159, 160], "summary": {"covered_lines": 10, "num_statements": 10, "percent_covered": 100.0, "percent_covered_display": "100", "missing_lines": 0, "excluded_lines": 0, "percent_statements_covered": 100.0, "percent_statements_covered_display": "100"}, "missing_lines": [], "excluded_lines": [], "start_line": 150}, "_safe_file_count": {"executed_lines": [164, 165, 166, 167, 168, 169], "summary": {"covered_lines": 6, "num_statements": 6, "percent_covered": 100.0, "percent_covered_display": "100", "missing_lines": 0, "excluded_lines": 0, "percent_statements_covered": 100.0, "percent_statements_covered_display": "100"}, "missing_lines": [], "excluded_lines": [], "start_line": 163}, "_coerce_int": {"executed_lines": [173, 174, 175, 176, 177, 178, 179, 180, 181, 182], "summary": {"covered_lines": 10, "num_statements": 10, "percent_covered": 100.0, "percent_covered_display": "100", "missing_lines": 0, "excluded_lines": 0, "percent_statements_covered": 100.0, "percent_statements_covered_display": "100"}, "missing_lines": [], "excluded_lines": [], "start_line": 172}, "_path_exists_from_value": {"executed_lines": [186, 187, 188, 189, 190, 191], "summary": {"covered_lines": 6, "num_statements": 6, "percent_covered": 100.0, "percent_covered_display": "100", "missing_lines": 0, "excluded_lines": 0, "percent_statements_covered": 100.0, "percent_statements_covered_display": "100"}, "missing_lines": [], "excluded_lines": [], "start_line": 185}, "": {"executed_lines": [1, 3, 4, 5, 6, 7, 8, 9, 12, 16, 20, 24, 27, 33, 40, 47, 57, 64, 87, 99, 117, 126, 133, 150, 163, 172, 185], "summary": {"covered_lines": 27, "num_statements": 27, "percent_covered": 100.0, "percent_covered_display": "100", "missing_lines": 0, "excluded_lines": 0, "percent_statements_covered": 100.0, "percent_statements_covered_display": "100"}, "missing_lines": [], "excluded_lines": [], "start_line": 1}}, "classes": {"": {"executed_lines": [1, 3, 4, 5, 6, 7, 8, 9, 12, 13, 16, 17, 20, 21, 24, 27, 28, 29, 30, 33, 34, 35, 36, 37, 40, 41, 42, 43, 44, 47, 48, 49, 50, 51, 53, 54, 57, 58, 59, 60, 61, 64, 69, 70, 71, 72, 73, 74, 75, 76, 77, 78, 80, 81, 82, 83, 84, 87, 88, 89, 90, 91, 92, 93, 94, 95, 96, 99, 100, 101, 102, 103, 104, 110, 111, 112, 113, 114, 117, 118, 119, 120, 121, 122, 123, 126, 127, 128, 129, 130, 133, 134, 135, 136, 137, 138, 139, 140, 143, 144, 145, 146, 147, 150, 151, 152, 153, 154, 155, 156, 157, 158, 159, 160, 163, 164, 165, 166, 167, 168, 169, 172, 173, 174, 175, 176, 177, 178, 179, 180, 181, 182, 185, 186, 187, 188, 189, 190, 191], "summary": {"covered_lines": 139, "num_statements": 142, "percent_covered": 97.88732394366197, "percent_covered_display": "98", "missing_lines": 3, "excluded_lines": 0, "percent_statements_covered": 97.88732394366197, "percent_statements_covered_display": "98"}, "missing_lines": [52, 141, 142], "excluded_lines": [], "start_line": 1}}}, "version.py": {"executed_lines": [1, 3], "summary": {"covered_lines": 2, "num_statements": 2, "percent_covered": 100.0, "percent_covered_display": "100", "missing_lines": 0, "excluded_lines": 0, "percent_statements_covered": 100.0, "percent_statements_covered_display": "100"}, "missing_lines": [], "excluded_lines": [], "functions": {"": {"executed_lines": [1, 3], "summary": {"covered_lines": 2, "num_statements": 2, "percent_covered": 100.0, "percent_covered_display": "100", "missing_lines": 0, "excluded_lines": 0, "percent_statements_covered": 100.0, "percent_statements_covered_display": "100"}, "missing_lines": [], "excluded_lines": [], "start_line": 1}}, "classes": {"": {"executed_lines": [1, 3], "summary": {"covered_lines": 2, "num_statements": 2, "percent_covered": 100.0, "percent_covered_display": "100", "missing_lines": 0, "excluded_lines": 0, "percent_statements_covered": 100.0, "percent_statements_covered_display": "100"}, "missing_lines": [], "excluded_lines": [], "start_line": 1}}}, "zapovednik.py": {"executed_lines": [1, 3, 4, 5, 6, 7, 8, 10, 13, 14, 15, 16, 19, 20, 23, 24, 27, 28, 29, 30, 31, 32, 38, 39, 40, 41, 42, 45, 46, 49, 50, 51, 53, 54, 56, 57, 60, 63, 64, 65, 66, 67, 68, 69, 70, 71, 74, 75, 76, 77, 80, 88, 89, 90, 92, 94, 95, 96, 97, 99, 100, 101, 102, 103, 106, 111, 112, 113, 114, 115, 116, 117, 123, 124, 125, 126, 129, 130, 133, 177, 178, 179, 180, 181, 183, 184, 185, 188, 189, 190, 191, 194, 195, 196, 197, 198, 199, 202, 203, 204, 205, 206, 207, 208, 209, 210, 211, 219, 220, 221, 222, 223, 224, 225, 226, 227, 228, 229, 230, 231, 236], "summary": {"covered_lines": 121, "num_statements": 139, "percent_covered": 87.05035971223022, "percent_covered_display": "87", "missing_lines": 18, "excluded_lines": 0, "percent_statements_covered": 87.05035971223022, "percent_statements_covered_display": "87"}, "missing_lines": [33, 34, 35, 52, 55, 58, 59, 91, 93, 118, 119, 120, 122, 182, 232, 233, 234, 235], "excluded_lines": [], "functions": {"_timestamp_compact": {"executed_lines": [20], "summary": {"covered_lines": 1, "num_statements": 1, "percent_covered": 100.0, "percent_covered_display": "100", "missing_lines": 0, "excluded_lines": 0, "percent_statements_covered": 100.0, "percent_statements_covered_display": "100"}, "missing_lines": [], "excluded_lines": [], "start_line": 19}, "_timestamp_iso": {"executed_lines": [24], "summary": {"covered_lines": 1, "num_statements": 1, "percent_covered": 100.0, "percent_covered_display": "100", "missing_lines": 0, "excluded_lines": 0, "percent_statements_covered": 100.0, "percent_statements_covered_display": "100"}, "missing_lines": [], "excluded_lines": [], "start_line": 23}, "_find_memory_dir": {"executed_lines": [28, 29, 30, 31, 32], "summary": {"covered_lines": 5, "num_statements": 8, "percent_covered": 62.5, "percent_covered_display": "62", "missing_lines": 3, "excluded_lines": 0, "percent_statements_covered": 62.5, "percent_statements_covered_display": "62"}, "missing_lines": [33, 34, 35], "excluded_lines": [], "start_line": 27}, "_paths": {"executed_lines": [39, 40, 41, 42], "summary": {"covered_lines": 4, "num_statements": 4, "percent_covered": 100.0, "percent_covered_display": "100", "missing_lines": 0, "excluded_lines": 0, "percent_statements_covered": 100.0, "percent_statements_covered_display": "100"}, "missing_lines": [], "excluded_lines": [], "start_line": 38}, "_zap_name": {"executed_lines": [46], "summary": {"covered_lines": 1, "num_statements": 1, "percent_covered": 100.0, "percent_covered_display": "100", "missing_lines": 0, "excluded_lines": 0, "percent_statements_covered": 100.0, "percent_statements_covered_display": "100"}, "missing_lines": [], "excluded_lines": [], "start_line": 45}, "_get_current_path": {"executed_lines": [50, 51, 53, 54, 56, 57, 60], "summary": {"covered_lines": 7, "num_statements": 11, "percent_covered": 63.63636363636363, "percent_covered_display": "64", "missing_lines": 4, "excluded_lines": 0, "percent_statements_covered": 63.63636363636363, "percent_statements_covered_display": "64"}, "missing_lines": [52, 55, 58, 59], "excluded_lines": [], "start_line": 49}, "start_session": {"executed_lines": [64, 65, 66, 67, 68, 69, 70, 71], "summary": {"covered_lines": 8, "num_statements": 8, "percent_covered": 100.0, "percent_covered_display": "100", "missing_lines": 0, "excluded_lines": 0, "percent_statements_covered": 100.0, "percent_statements_covered_display": "100"}, "missing_lines": [], "excluded_lines": [], "start_line": 63}, "current_session_path": {"executed_lines": [75, 76, 77], "summary": {"covered_lines": 3, "num_statements": 3, "percent_covered": 100.0, "percent_covered_display": "100", "missing_lines": 0, "excluded_lines": 0, "percent_statements_covered": 100.0, "percent_statements_covered_display": "100"}, "missing_lines": [], "excluded_lines": [], "start_line": 74}, "append_message": {"executed_lines": [88, 89, 90, 92, 94, 95, 96, 97, 99, 100, 101, 102, 103], "summary": {"covered_lines": 13, "num_statements": 15, "percent_covered": 86.66666666666667, "percent_covered_display": "87", "missing_lines": 2, "excluded_lines": 0, "percent_statements_covered": 86.66666666666667, "percent_statements_covered_display": "87"}, "missing_lines": [91, 93], "excluded_lines": [], "start_line": 80}, "finalize_session": {"executed_lines": [111, 112, 113, 114, 115, 116, 117, 123, 124, 125, 126], "summary": {"covered_lines": 11, "num_statements": 15, "percent_covered": 73.33333333333333, "percent_covered_display": "73", "missing_lines": 4, "excluded_lines": 0, "percent_statements_covered": 73.33333333333333, "percent_statements_covered_display": "73"}, "missing_lines": [118, 119, 120, 122], "excluded_lines": [], "start_line": 106}, "show": {"executed_lines": [130], "summary": {"covered_lines": 1, "num_statements": 1, "percent_covered": 100.0, "percent_covered_display": "100", "missing_lines": 0, "excluded_lines": 0, "percent_statements_covered": 100.0, "percent_statements_covered_display": "100"}, "missing_lines": [], "excluded_lines": [], "start_line": 129}, "_iter_msg_texts": {"executed_lines": [178, 179, 180, 181, 183, 184, 185], "summary": {"covered_lines": 7, "num_statements": 8, "percent_covered": 87.5, "percent_covered_display": "88", "missing_lines": 1, "excluded_lines": 0, "percent_statements_covered": 87.5, "percent_statements_covered_display": "88"}, "missing_lines": [182], "excluded_lines": [], "start_line": 177}, "_tokenize": {"executed_lines": [189, 190, 191], "summary": {"covered_lines": 3, "num_statements": 3, "percent_covered": 100.0, "percent_covered_display": "100", "missing_lines": 0, "excluded_lines": 0, "percent_statements_covered": 100.0, "percent_statements_covered_display": "100"}, "missing_lines": [], "excluded_lines": [], "start_line": 188}, "_top_counts": {"executed_lines": [195, 196, 197, 198, 199], "summary": {"covered_lines": 5, "num_statements": 5, "percent_covered": 100.0, "percent_covered_display": "100", "missing_lines": 0, "excluded_lines": 0, "percent_statements_covered": 100.0, "percent_statements_covered_display": "100"}, "missing_lines": [], "excluded_lines": [], "start_line": 194}, "_compute_stats": {"executed_lines": [203, 204, 205, 206, 207, 208, 209, 210, 211], "summary": {"covered_lines": 9, "num_statements": 9, "percent_covered": 100.0, "percent_covered_display": "100", "missing_lines": 0, "excluded_lines": 0, "percent_statements_covered": 100.0, "percent_statements_covered_display": "100"}, "missing_lines": [], "excluded_lines": [], "start_line": 202}, "_format_stats": {"executed_lines": [220, 221, 222, 223, 224, 225, 226, 227, 228, 229, 230, 231, 236], "summary": {"covered_lines": 13, "num_statements": 17, "percent_covered": 76.47058823529412, "percent_covered_display": "76", "missing_lines": 4, "excluded_lines": 0, "percent_statements_covered": 76.47058823529412, "percent_statements_covered_display": "76"}, "missing_lines": [232, 233, 234, 235], "excluded_lines": [], "start_line": 219}, "": {"executed_lines": [1, 3, 4, 5, 6, 7, 8, 10, 13, 14, 15, 16, 19, 23, 27, 38, 45, 49, 63, 74, 80, 106, 129, 133, 177, 188, 194, 202, 219], "summary": {"covered_lines": 29, "num_statements": 29, "percent_covered": 100.0, "percent_covered_display": "100", "missing_lines": 0, "excluded_lines": 0, "percent_statements_covered": 100.0, "percent_statements_covered_display": "100"}, "missing_lines": [], "excluded_lines": [], "start_line": 1}}, "classes": {"ZapPaths": {"executed_lines": [], "summary": {"covered_lines": 0, "num_statements": 0, "percent_covered": 100.0, "percent_covered_display": "100", "missing_lines": 0, "excluded_lines": 0, "percent_statements_covered": 100.0, "percent_statements_covered_display": "100"}, "missing_lines": [], "excluded_lines": [], "start_line": 14}, "": {"executed_lines": [1, 3, 4, 5, 6, 7, 8, 10, 13, 14, 15, 16, 19, 20, 23, 24, 27, 28, 29, 30, 31, 32, 38, 39, 40, 41, 42, 45, 46, 49, 50, 51, 53, 54, 56, 57, 60, 63, 64, 65, 66, 67, 68, 69, 70, 71, 74, 75, 76, 77, 80, 88, 89, 90, 92, 94, 95, 96, 97, 99, 100, 101, 102, 103, 106, 111, 112, 113, 114, 115, 116, 117, 123, 124, 125, 126, 129, 130, 133, 177, 178, 179, 180, 181, 183, 184, 185, 188, 189, 190, 191, 194, 195, 196, 197, 198, 199, 202, 203, 204, 205, 206, 207, 208, 209, 210, 211, 219, 220, 221, 222, 223, 224, 225, 226, 227, 228, 229, 230, 231, 236], "summary": {"covered_lines": 121, "num_statements": 139, "percent_covered": 87.05035971223022, "percent_covered_display": "87", "missing_lines": 18, "excluded_lines": 0, "percent_statements_covered": 87.05035971223022, "percent_statements_covered_display": "87"}, "missing_lines": [33, 34, 35, 52, 55, 58, 59, 91, 93, 118, 119, 120, 122, 182, 232, 233, 234, 235], "excluded_lines": [], "start_line": 1}}}}, "totals": {"covered_lines": 7333, "num_statements": 8188, "percent_covered": 89.55788959452858, "percent_covered_display": "90", "missing_lines": 855, "excluded_lines": 0, "percent_statements_covered": 89.55788959452858, "percent_statements_covered_display": "90"}}